13:31:09:136  INFO 33520 --- [main] com.hmall.HMallApplication               : Starting HMallApplication using Java 11.0.27 on BryanR16 with PID 33520 (C:\Users\ncwbr\IdeaProjects\hmall\hm-service\target\classes started by ncwbr in C:\Users\ncwbr\IdeaProjects\hmall)
13:31:09:139 DEBUG 33520 --- [main] com.hmall.HMallApplication               : Running with Spring Boot v2.7.12, Spring v5.3.27
13:31:09:140  INFO 33520 --- [main] com.hmall.HMallApplication               : The following 1 profile is active: "local"
13:31:10:299  INFO 33520 --- [main] .s.d.r.c.RepositoryConfigurationDelegate : Multiple Spring Data modules found, entering strict repository configuration mode
13:31:10:301  INFO 33520 --- [main] .s.d.r.c.RepositoryConfigurationDelegate : Bootstrapping Spring Data Redis repositories in DEFAULT mode.
13:31:10:335  INFO 33520 --- [main] .s.d.r.c.RepositoryConfigurationDelegate : Finished Spring Data repository scanning in 18 ms. Found 0 Redis repository interfaces.
13:31:10:841  INFO 33520 --- [main] o.s.b.w.embedded.tomcat.TomcatWebServer  : Tomcat initialized with port(s): 8080 (http)
13:31:10:849  INFO 33520 --- [main] o.apache.catalina.core.StandardService   : Starting service [Tomcat]
13:31:10:849  INFO 33520 --- [main] org.apache.catalina.core.StandardEngine  : Starting Servlet engine: [Apache Tomcat/9.0.75]
13:31:11:011  INFO 33520 --- [main] o.a.c.c.C.[Tomcat].[localhost].[/]       : Initializing Spring embedded WebApplicationContext
13:31:11:011  INFO 33520 --- [main] w.s.c.ServletWebServerApplicationContext : Root WebApplicationContext: initialization completed in 1827 ms
13:31:12:958  INFO 33520 --- [main] pertySourcedRequestMappingHandlerMapping : Mapped URL path [/v2/api-docs] onto method [springfox.documentation.swagger2.web.Swagger2ControllerWebMvc#getDocumentation(String, HttpServletRequest)]
13:31:13:314  INFO 33520 --- [main] o.s.b.w.embedded.tomcat.TomcatWebServer  : Tomcat started on port(s): 8080 (http) with context path ''
13:31:13:315  INFO 33520 --- [main] d.s.w.p.DocumentationPluginsBootstrapper : Documentation plugins bootstrapped
13:31:13:317  INFO 33520 --- [main] d.s.w.p.DocumentationPluginsBootstrapper : Found 1 custom documentation plugin(s)
13:31:13:343  INFO 33520 --- [main] s.d.s.w.s.ApiListingReferenceScanner     : Scanning for api listing references
13:31:13:488  INFO 33520 --- [main] com.hmall.HMallApplication               : Started HMallApplication in 4.735 seconds (JVM running for 5.754)
13:31:27:284  INFO 33520 --- [http-nio-8080-exec-1] o.a.c.c.C.[Tomcat].[localhost].[/]       : Initializing Spring DispatcherServlet 'dispatcherServlet'
13:31:27:286  INFO 33520 --- [http-nio-8080-exec-1] o.s.web.servlet.DispatcherServlet        : Initializing Servlet 'dispatcherServlet'
13:31:27:290  INFO 33520 --- [http-nio-8080-exec-1] o.s.web.servlet.DispatcherServlet        : Completed initialization in 4 ms
