10:24:13:215  INFO 62384 --- [main] com.hmall.cart.CartApplication           : Starting CartApplication using Java 11.0.27 on BryanR16 with PID 62384 (C:\Users\ncwbr\IdeaProjects\hmall\cart-service\target\classes started by ncwbr in C:\Users\ncwbr\IdeaProjects\hmall)
10:24:13:223 DEBUG 62384 --- [main] com.hmall.cart.CartApplication           : Running with Spring Boot v2.7.12, Spring v5.3.27
10:24:13:224  INFO 62384 --- [main] com.hmall.cart.CartApplication           : The following 1 profile is active: "local"
10:24:14:323  INFO 62384 --- [main] o.s.cloud.context.scope.GenericScope     : BeanFactory id=cd68513e-d496-3b54-a9bc-94277bf7f89f
10:24:14:651  INFO 62384 --- [main] o.s.b.w.embedded.tomcat.TomcatWebServer  : Tomcat initialized with port(s): 8082 (http)
10:24:14:657  INFO 62384 --- [main] o.apache.catalina.core.StandardService   : Starting service [Tomcat]
10:24:14:658  INFO 62384 --- [main] org.apache.catalina.core.StandardEngine  : Starting Servlet engine: [Apache Tomcat/9.0.75]
10:24:14:787  INFO 62384 --- [main] o.a.c.c.C.[Tomcat].[localhost].[/]       : Initializing Spring embedded WebApplicationContext
10:24:14:787  INFO 62384 --- [main] w.s.c.ServletWebServerApplicationContext : Root WebApplicationContext: initialization completed in 1498 ms
10:24:15:016  INFO 62384 --- [main] o.s.c.openfeign.FeignClientFactoryBean   : For 'item-service' URL not provided. Will try picking an instance via load-balancing.
10:24:18:125  INFO 62384 --- [main] pertySourcedRequestMappingHandlerMapping : Mapped URL path [/v2/api-docs] onto method [springfox.documentation.swagger2.web.Swagger2ControllerWebMvc#getDocumentation(String, HttpServletRequest)]
10:24:19:009  INFO 62384 --- [main] com.alibaba.nacos.common.remote.client   : [RpcClientFactory] create a new rpc client of 01e14690-5f8d-439e-8494-4274d3be99b8
10:24:19:060  INFO 62384 --- [main] org.reflections.Reflections              : Reflections took 25 ms to scan 1 urls, producing 3 keys and 6 values 
10:24:19:098  INFO 62384 --- [main] org.reflections.Reflections              : Reflections took 10 ms to scan 1 urls, producing 4 keys and 9 values 
10:24:19:110  INFO 62384 --- [main] org.reflections.Reflections              : Reflections took 8 ms to scan 1 urls, producing 3 keys and 10 values 
10:24:19:113  WARN 62384 --- [main] org.reflections.Reflections              : given scan urls are empty. set urls in the configuration
10:24:19:121  INFO 62384 --- [main] org.reflections.Reflections              : Reflections took 7 ms to scan 1 urls, producing 1 keys and 5 values 
10:24:19:133  INFO 62384 --- [main] org.reflections.Reflections              : Reflections took 9 ms to scan 1 urls, producing 1 keys and 7 values 
10:24:19:145  INFO 62384 --- [main] org.reflections.Reflections              : Reflections took 9 ms to scan 1 urls, producing 2 keys and 8 values 
10:24:19:148  WARN 62384 --- [main] org.reflections.Reflections              : given scan urls are empty. set urls in the configuration
10:24:19:149  INFO 62384 --- [main] com.alibaba.nacos.common.remote.client   : [01e14690-5f8d-439e-8494-4274d3be99b8] RpcClient init label, labels = {module=naming, source=sdk}
10:24:19:151  INFO 62384 --- [main] com.alibaba.nacos.common.remote.client   : [01e14690-5f8d-439e-8494-4274d3be99b8] RpcClient init, ServerListFactory = com.alibaba.nacos.client.naming.core.ServerListManager
10:24:19:151  INFO 62384 --- [main] com.alibaba.nacos.common.remote.client   : [01e14690-5f8d-439e-8494-4274d3be99b8] Registry connection listener to current client:com.alibaba.nacos.client.naming.remote.gprc.redo.NamingGrpcRedoService
10:24:19:151  INFO 62384 --- [main] com.alibaba.nacos.common.remote.client   : [01e14690-5f8d-439e-8494-4274d3be99b8] Register server push request handler:com.alibaba.nacos.client.naming.remote.gprc.NamingPushRequestHandler
10:24:19:153  INFO 62384 --- [main] com.alibaba.nacos.common.remote.client   : [01e14690-5f8d-439e-8494-4274d3be99b8] Try to connect to server on start up, server: {serverIp = '192.168.58.128', server main port = 8848}
10:24:21:183  INFO 62384 --- [main] com.alibaba.nacos.common.remote.client   : [01e14690-5f8d-439e-8494-4274d3be99b8] Success to connect to server [192.168.58.128:8848] on start up, connectionId = 1756371951734_192.168.58.1_61196
10:24:21:184  INFO 62384 --- [com.alibaba.nacos.client.remote.worker] com.alibaba.nacos.common.remote.client   : [01e14690-5f8d-439e-8494-4274d3be99b8] Notify connected event to listeners.
10:24:21:186  INFO 62384 --- [main] com.alibaba.nacos.common.remote.client   : [01e14690-5f8d-439e-8494-4274d3be99b8] Register server push request handler:com.alibaba.nacos.common.remote.client.RpcClient$ConnectResetRequestHandler
10:24:21:187  INFO 62384 --- [main] com.alibaba.nacos.common.remote.client   : [01e14690-5f8d-439e-8494-4274d3be99b8] Register server push request handler:com.alibaba.nacos.common.remote.client.RpcClient$$Lambda$990/0x0000000840695440
10:24:21:267  INFO 62384 --- [main] o.s.b.w.embedded.tomcat.TomcatWebServer  : Tomcat started on port(s): 8082 (http) with context path ''
10:24:21:284  INFO 62384 --- [main] c.a.c.n.registry.NacosServiceRegistry    : nacos registry, DEFAULT_GROUP cart-service 10.2.106.195:8082 register finished
10:24:21:705  INFO 62384 --- [nacos-grpc-client-executor-9] com.alibaba.nacos.common.remote.client   : [01e14690-5f8d-439e-8494-4274d3be99b8] Receive server push request, request = NotifySubscriberRequest, requestId = 34
10:24:21:709  INFO 62384 --- [nacos-grpc-client-executor-9] com.alibaba.nacos.common.remote.client   : [01e14690-5f8d-439e-8494-4274d3be99b8] Ack server push request, request = NotifySubscriberRequest, requestId = 34
10:24:21:841  INFO 62384 --- [main] d.s.w.p.DocumentationPluginsBootstrapper : Documentation plugins bootstrapped
10:24:21:846  INFO 62384 --- [main] d.s.w.p.DocumentationPluginsBootstrapper : Found 1 custom documentation plugin(s)
10:24:21:872  INFO 62384 --- [main] s.d.s.w.s.ApiListingReferenceScanner     : Scanning for api listing references
10:24:21:993  INFO 62384 --- [main] com.hmall.cart.CartApplication           : Started CartApplication in 10.377 seconds (JVM running for 11.661)
10:24:26:007  INFO 62384 --- [http-nio-8082-exec-1] o.a.c.c.C.[Tomcat].[localhost].[/]       : Initializing Spring DispatcherServlet 'dispatcherServlet'
10:24:26:008  INFO 62384 --- [http-nio-8082-exec-1] o.s.web.servlet.DispatcherServlet        : Initializing Servlet 'dispatcherServlet'
10:24:26:010  INFO 62384 --- [http-nio-8082-exec-1] o.s.web.servlet.DispatcherServlet        : Completed initialization in 2 ms
10:24:30:073  INFO 62384 --- [http-nio-8082-exec-2] com.zaxxer.hikari.HikariDataSource       : HikariPool-1 - Starting...
10:24:30:674  INFO 62384 --- [http-nio-8082-exec-2] com.zaxxer.hikari.HikariDataSource       : HikariPool-1 - Start completed.
10:24:30:683 DEBUG 62384 --- [http-nio-8082-exec-2] c.h.cart.mapper.CartMapper.selectList    : ==>  Preparing: SELECT id,user_id,item_id,num,name,spec,price,image,create_time,update_time FROM cart WHERE (user_id = ?)
10:24:30:704 DEBUG 62384 --- [http-nio-8082-exec-2] c.h.cart.mapper.CartMapper.selectList    : ==> Parameters: 1(Long)
10:24:30:731 DEBUG 62384 --- [http-nio-8082-exec-2] c.h.cart.mapper.CartMapper.selectList    : <==      Total: 1
10:24:30:814 DEBUG 62384 --- [http-nio-8082-exec-2] com.hmall.api.client.ItemClient          : [ItemClient#queryItemByIds] ---> GET http://item-service/items?ids=100000006163 HTTP/1.1
10:24:30:815 DEBUG 62384 --- [http-nio-8082-exec-2] com.hmall.api.client.ItemClient          : [ItemClient#queryItemByIds] ---> END HTTP (0-byte body)
10:24:31:489  INFO 62384 --- [nacos-grpc-client-executor-13] com.alibaba.nacos.common.remote.client   : [01e14690-5f8d-439e-8494-4274d3be99b8] Receive server push request, request = NotifySubscriberRequest, requestId = 35
10:24:31:491  INFO 62384 --- [nacos-grpc-client-executor-13] com.alibaba.nacos.common.remote.client   : [01e14690-5f8d-439e-8494-4274d3be99b8] Ack server push request, request = NotifySubscriberRequest, requestId = 35
10:24:31:677 DEBUG 62384 --- [http-nio-8082-exec-2] com.hmall.api.client.ItemClient          : [ItemClient#queryItemByIds] <--- HTTP/1.1 200  (860ms)
10:24:31:677 DEBUG 62384 --- [http-nio-8082-exec-2] com.hmall.api.client.ItemClient          : [ItemClient#queryItemByIds] connection: keep-alive
10:24:31:677 DEBUG 62384 --- [http-nio-8082-exec-2] com.hmall.api.client.ItemClient          : [ItemClient#queryItemByIds] content-type: application/json
10:24:31:677 DEBUG 62384 --- [http-nio-8082-exec-2] com.hmall.api.client.ItemClient          : [ItemClient#queryItemByIds] date: Fri, 29 Aug 2025 17:24:31 GMT
10:24:31:678 DEBUG 62384 --- [http-nio-8082-exec-2] com.hmall.api.client.ItemClient          : [ItemClient#queryItemByIds] keep-alive: timeout=60
10:24:31:678 DEBUG 62384 --- [http-nio-8082-exec-2] com.hmall.api.client.ItemClient          : [ItemClient#queryItemByIds] transfer-encoding: chunked
10:24:31:678 DEBUG 62384 --- [http-nio-8082-exec-2] com.hmall.api.client.ItemClient          : [ItemClient#queryItemByIds] 
10:24:31:681 DEBUG 62384 --- [http-nio-8082-exec-2] com.hmall.api.client.ItemClient          : [ItemClient#queryItemByIds] [{"id":"100000006163","name":"巴布豆(BOBDOG)柔薄悦动婴儿拉拉裤XXL码80片(15kg以上)","price":67100,"stock":10000,"image":"https://m.360buyimg.com/mobilecms/s720x720_jfs/t23998/350/2363990466/222391/a6e9581d/5b7cba5bN0c18fb4f.jpg!q70.jpg.webp","category":"拉拉裤","brand":"巴布豆","spec":"{}","sold":11,"commentCount":33343434,"isAD":false,"status":2}]
10:24:31:682 DEBUG 62384 --- [http-nio-8082-exec-2] com.hmall.api.client.ItemClient          : [ItemClient#queryItemByIds] <--- END HTTP (371-byte body)
10:39:28:475  WARN 62384 --- [Thread-4] c.a.nacos.common.notify.NotifyCenter     : [NotifyCenter] Start destroying Publisher
10:39:28:475  WARN 62384 --- [Thread-7] c.a.n.common.http.HttpClientBeanHolder   : [HttpClientBeanHolder] Start destroying common HttpClient
10:39:28:476  WARN 62384 --- [Thread-4] c.a.nacos.common.notify.NotifyCenter     : [NotifyCenter] Destruction of the end
10:39:28:481  WARN 62384 --- [Thread-7] c.a.n.common.http.HttpClientBeanHolder   : [HttpClientBeanHolder] Destruction of the end
10:39:29:259  INFO 62384 --- [SpringApplicationShutdownHook] c.a.c.n.registry.NacosServiceRegistry    : De-registering from Nacos Server now...
10:39:29:303  INFO 62384 --- [SpringApplicationShutdownHook] c.a.c.n.registry.NacosServiceRegistry    : De-registration finished.
10:39:29:641  INFO 62384 --- [SpringApplicationShutdownHook] com.alibaba.nacos.common.remote.client   : Shutdown rpc client, set status to shutdown
10:39:29:642  INFO 62384 --- [SpringApplicationShutdownHook] com.alibaba.nacos.common.remote.client   : Shutdown client event executor java.util.concurrent.ScheduledThreadPoolExecutor@51074750[Running, pool size = 2, active threads = 2, queued tasks = 0, completed tasks = 0]
10:39:29:642  INFO 62384 --- [SpringApplicationShutdownHook] com.alibaba.nacos.common.remote.client   : Close current connection 1756371951734_192.168.58.1_61196
10:39:29:652  INFO 62384 --- [SpringApplicationShutdownHook] c.a.n.c.remote.client.grpc.GrpcClient    : Shutdown grpc executor java.util.concurrent.ThreadPoolExecutor@9a7b5[Running, pool size = 5, active threads = 0, queued tasks = 0, completed tasks = 225]
10:39:29:657  INFO 62384 --- [SpringApplicationShutdownHook] com.zaxxer.hikari.HikariDataSource       : HikariPool-1 - Shutdown initiated...
10:39:29:906  INFO 62384 --- [SpringApplicationShutdownHook] com.zaxxer.hikari.HikariDataSource       : HikariPool-1 - Shutdown completed.
10:54:51:822  INFO 72932 --- [main] com.hmall.cart.CartApplication           : Starting CartApplication using Java 11.0.27 on BryanR16 with PID 72932 (C:\Users\ncwbr\IdeaProjects\hmall\cart-service\target\classes started by ncwbr in C:\Users\ncwbr\IdeaProjects\hmall)
10:54:51:825 DEBUG 72932 --- [main] com.hmall.cart.CartApplication           : Running with Spring Boot v2.7.12, Spring v5.3.27
10:54:51:825  INFO 72932 --- [main] com.hmall.cart.CartApplication           : The following 1 profile is active: "local"
10:54:53:002  INFO 72932 --- [main] o.s.cloud.context.scope.GenericScope     : BeanFactory id=1b478944-9bee-3b6b-a3a8-693aae6e573a
10:54:53:281  INFO 72932 --- [main] o.s.b.w.embedded.tomcat.TomcatWebServer  : Tomcat initialized with port(s): 8082 (http)
10:54:53:288  INFO 72932 --- [main] o.apache.catalina.core.StandardService   : Starting service [Tomcat]
10:54:53:288  INFO 72932 --- [main] org.apache.catalina.core.StandardEngine  : Starting Servlet engine: [Apache Tomcat/9.0.75]
10:54:53:425  INFO 72932 --- [main] o.a.c.c.C.[Tomcat].[localhost].[/]       : Initializing Spring embedded WebApplicationContext
10:54:53:425  INFO 72932 --- [main] w.s.c.ServletWebServerApplicationContext : Root WebApplicationContext: initialization completed in 1538 ms
10:54:53:608  INFO 72932 --- [main] o.s.c.openfeign.FeignClientFactoryBean   : For 'item-service' URL not provided. Will try picking an instance via load-balancing.
10:54:57:700  INFO 72932 --- [main] pertySourcedRequestMappingHandlerMapping : Mapped URL path [/v2/api-docs] onto method [springfox.documentation.swagger2.web.Swagger2ControllerWebMvc#getDocumentation(String, HttpServletRequest)]
10:54:59:139  INFO 72932 --- [main] com.alibaba.nacos.common.remote.client   : [RpcClientFactory] create a new rpc client of fa3fa9a2-0621-4fbf-a298-0d4e57745a42
10:54:59:204  INFO 72932 --- [main] org.reflections.Reflections              : Reflections took 41 ms to scan 1 urls, producing 3 keys and 6 values 
10:54:59:245  INFO 72932 --- [main] org.reflections.Reflections              : Reflections took 15 ms to scan 1 urls, producing 4 keys and 9 values 
10:54:59:259  INFO 72932 --- [main] org.reflections.Reflections              : Reflections took 8 ms to scan 1 urls, producing 3 keys and 10 values 
10:54:59:263  WARN 72932 --- [main] org.reflections.Reflections              : given scan urls are empty. set urls in the configuration
10:54:59:270  INFO 72932 --- [main] org.reflections.Reflections              : Reflections took 6 ms to scan 1 urls, producing 1 keys and 5 values 
10:54:59:283  INFO 72932 --- [main] org.reflections.Reflections              : Reflections took 9 ms to scan 1 urls, producing 1 keys and 7 values 
10:54:59:294  INFO 72932 --- [main] org.reflections.Reflections              : Reflections took 7 ms to scan 1 urls, producing 2 keys and 8 values 
10:54:59:296  WARN 72932 --- [main] org.reflections.Reflections              : given scan urls are empty. set urls in the configuration
10:54:59:298  INFO 72932 --- [main] com.alibaba.nacos.common.remote.client   : [fa3fa9a2-0621-4fbf-a298-0d4e57745a42] RpcClient init label, labels = {module=naming, source=sdk}
10:54:59:300  INFO 72932 --- [main] com.alibaba.nacos.common.remote.client   : [fa3fa9a2-0621-4fbf-a298-0d4e57745a42] RpcClient init, ServerListFactory = com.alibaba.nacos.client.naming.core.ServerListManager
10:54:59:300  INFO 72932 --- [main] com.alibaba.nacos.common.remote.client   : [fa3fa9a2-0621-4fbf-a298-0d4e57745a42] Registry connection listener to current client:com.alibaba.nacos.client.naming.remote.gprc.redo.NamingGrpcRedoService
10:54:59:301  INFO 72932 --- [main] com.alibaba.nacos.common.remote.client   : [fa3fa9a2-0621-4fbf-a298-0d4e57745a42] Register server push request handler:com.alibaba.nacos.client.naming.remote.gprc.NamingPushRequestHandler
10:54:59:303  INFO 72932 --- [main] com.alibaba.nacos.common.remote.client   : [fa3fa9a2-0621-4fbf-a298-0d4e57745a42] Try to connect to server on start up, server: {serverIp = '192.168.58.128', server main port = 8848}
10:55:02:324  INFO 72932 --- [main] com.alibaba.nacos.common.remote.client   : [fa3fa9a2-0621-4fbf-a298-0d4e57745a42] Success to connect to server [192.168.58.128:8848] on start up, connectionId = 1756373946265_192.168.58.1_51991
10:55:02:325  INFO 72932 --- [com.alibaba.nacos.client.remote.worker] com.alibaba.nacos.common.remote.client   : [fa3fa9a2-0621-4fbf-a298-0d4e57745a42] Notify connected event to listeners.
10:55:02:326  INFO 72932 --- [main] com.alibaba.nacos.common.remote.client   : [fa3fa9a2-0621-4fbf-a298-0d4e57745a42] Register server push request handler:com.alibaba.nacos.common.remote.client.RpcClient$ConnectResetRequestHandler
10:55:02:327  INFO 72932 --- [main] com.alibaba.nacos.common.remote.client   : [fa3fa9a2-0621-4fbf-a298-0d4e57745a42] Register server push request handler:com.alibaba.nacos.common.remote.client.RpcClient$$Lambda$990/0x0000000840673c40
10:55:02:410  INFO 72932 --- [main] o.s.b.w.embedded.tomcat.TomcatWebServer  : Tomcat started on port(s): 8082 (http) with context path ''
10:55:02:426  INFO 72932 --- [main] c.a.c.n.registry.NacosServiceRegistry    : nacos registry, DEFAULT_GROUP cart-service 10.2.106.195:8082 register finished
10:55:02:887  INFO 72932 --- [nacos-grpc-client-executor-8] com.alibaba.nacos.common.remote.client   : [fa3fa9a2-0621-4fbf-a298-0d4e57745a42] Receive server push request, request = NotifySubscriberRequest, requestId = 39
10:55:02:890  INFO 72932 --- [nacos-grpc-client-executor-8] com.alibaba.nacos.common.remote.client   : [fa3fa9a2-0621-4fbf-a298-0d4e57745a42] Ack server push request, request = NotifySubscriberRequest, requestId = 39
10:55:03:194  INFO 72932 --- [main] d.s.w.p.DocumentationPluginsBootstrapper : Documentation plugins bootstrapped
10:55:03:197  INFO 72932 --- [main] d.s.w.p.DocumentationPluginsBootstrapper : Found 1 custom documentation plugin(s)
10:55:03:223  INFO 72932 --- [main] s.d.s.w.s.ApiListingReferenceScanner     : Scanning for api listing references
10:55:03:314  INFO 72932 --- [main] com.hmall.cart.CartApplication           : Started CartApplication in 12.884 seconds (JVM running for 13.918)
10:56:31:640  WARN 72932 --- [Thread-7] c.a.n.common.http.HttpClientBeanHolder   : [HttpClientBeanHolder] Start destroying common HttpClient
10:56:31:640  WARN 72932 --- [Thread-4] c.a.nacos.common.notify.NotifyCenter     : [NotifyCenter] Start destroying Publisher
10:56:31:642  WARN 72932 --- [Thread-4] c.a.nacos.common.notify.NotifyCenter     : [NotifyCenter] Destruction of the end
10:56:31:642  WARN 72932 --- [Thread-7] c.a.n.common.http.HttpClientBeanHolder   : [HttpClientBeanHolder] Destruction of the end
10:56:32:688  INFO 72932 --- [SpringApplicationShutdownHook] c.a.c.n.registry.NacosServiceRegistry    : De-registering from Nacos Server now...
10:56:32:702  INFO 72932 --- [SpringApplicationShutdownHook] c.a.c.n.registry.NacosServiceRegistry    : De-registration finished.
10:56:33:029  INFO 72932 --- [SpringApplicationShutdownHook] com.alibaba.nacos.common.remote.client   : Shutdown rpc client, set status to shutdown
10:56:33:029  INFO 72932 --- [SpringApplicationShutdownHook] com.alibaba.nacos.common.remote.client   : Shutdown client event executor java.util.concurrent.ScheduledThreadPoolExecutor@29713ef9[Running, pool size = 2, active threads = 2, queued tasks = 0, completed tasks = 0]
10:56:33:029  INFO 72932 --- [SpringApplicationShutdownHook] com.alibaba.nacos.common.remote.client   : Close current connection 1756373946265_192.168.58.1_51991
10:56:33:032  INFO 72932 --- [nacos-grpc-client-executor-33] c.a.n.c.remote.client.grpc.GrpcClient    : [1756373946265_192.168.58.1_51991]Ignore complete event,isRunning:false,isAbandon=false
10:56:33:040  INFO 72932 --- [SpringApplicationShutdownHook] c.a.n.c.remote.client.grpc.GrpcClient    : Shutdown grpc executor java.util.concurrent.ThreadPoolExecutor@3718d5cb[Running, pool size = 6, active threads = 0, queued tasks = 0, completed tasks = 34]
14:38:24:378  INFO 87492 --- [main] com.hmall.cart.CartApplication           : Starting CartApplication using Java 11.0.27 on BryanR16 with PID 87492 (C:\Users\ncwbr\IdeaProjects\hmall\cart-service\target\classes started by ncwbr in C:\Users\ncwbr\IdeaProjects\hmall)
14:38:24:381 DEBUG 87492 --- [main] com.hmall.cart.CartApplication           : Running with Spring Boot v2.7.12, Spring v5.3.27
14:38:24:383  INFO 87492 --- [main] com.hmall.cart.CartApplication           : The following 1 profile is active: "local"
14:38:25:375  INFO 87492 --- [main] o.s.cloud.context.scope.GenericScope     : BeanFactory id=1b478944-9bee-3b6b-a3a8-693aae6e573a
14:38:25:667  INFO 87492 --- [main] o.s.b.w.embedded.tomcat.TomcatWebServer  : Tomcat initialized with port(s): 8082 (http)
14:38:25:674  INFO 87492 --- [main] o.apache.catalina.core.StandardService   : Starting service [Tomcat]
14:38:25:674  INFO 87492 --- [main] org.apache.catalina.core.StandardEngine  : Starting Servlet engine: [Apache Tomcat/9.0.75]
14:38:25:808  INFO 87492 --- [main] o.a.c.c.C.[Tomcat].[localhost].[/]       : Initializing Spring embedded WebApplicationContext
14:38:25:809  INFO 87492 --- [main] w.s.c.ServletWebServerApplicationContext : Root WebApplicationContext: initialization completed in 1376 ms
14:38:25:974  INFO 87492 --- [main] o.s.c.openfeign.FeignClientFactoryBean   : For 'item-service' URL not provided. Will try picking an instance via load-balancing.
14:38:28:475  INFO 87492 --- [main] pertySourcedRequestMappingHandlerMapping : Mapped URL path [/v2/api-docs] onto method [springfox.documentation.swagger2.web.Swagger2ControllerWebMvc#getDocumentation(String, HttpServletRequest)]
14:38:29:223  INFO 87492 --- [main] com.alibaba.nacos.common.remote.client   : [RpcClientFactory] create a new rpc client of b2df4d4a-6f86-455a-9345-f8e88e334129
14:38:29:266  INFO 87492 --- [main] org.reflections.Reflections              : Reflections took 24 ms to scan 1 urls, producing 3 keys and 6 values 
14:38:29:305  INFO 87492 --- [main] org.reflections.Reflections              : Reflections took 9 ms to scan 1 urls, producing 4 keys and 9 values 
14:38:29:313  INFO 87492 --- [main] org.reflections.Reflections              : Reflections took 5 ms to scan 1 urls, producing 3 keys and 10 values 
14:38:29:315  WARN 87492 --- [main] org.reflections.Reflections              : given scan urls are empty. set urls in the configuration
14:38:29:321  INFO 87492 --- [main] org.reflections.Reflections              : Reflections took 5 ms to scan 1 urls, producing 1 keys and 5 values 
14:38:29:329  INFO 87492 --- [main] org.reflections.Reflections              : Reflections took 6 ms to scan 1 urls, producing 1 keys and 7 values 
14:38:29:338  INFO 87492 --- [main] org.reflections.Reflections              : Reflections took 6 ms to scan 1 urls, producing 2 keys and 8 values 
14:38:29:340  WARN 87492 --- [main] org.reflections.Reflections              : given scan urls are empty. set urls in the configuration
14:38:29:341  INFO 87492 --- [main] com.alibaba.nacos.common.remote.client   : [b2df4d4a-6f86-455a-9345-f8e88e334129] RpcClient init label, labels = {module=naming, source=sdk}
14:38:29:343  INFO 87492 --- [main] com.alibaba.nacos.common.remote.client   : [b2df4d4a-6f86-455a-9345-f8e88e334129] RpcClient init, ServerListFactory = com.alibaba.nacos.client.naming.core.ServerListManager
14:38:29:344  INFO 87492 --- [main] com.alibaba.nacos.common.remote.client   : [b2df4d4a-6f86-455a-9345-f8e88e334129] Registry connection listener to current client:com.alibaba.nacos.client.naming.remote.gprc.redo.NamingGrpcRedoService
14:38:29:345  INFO 87492 --- [main] com.alibaba.nacos.common.remote.client   : [b2df4d4a-6f86-455a-9345-f8e88e334129] Register server push request handler:com.alibaba.nacos.client.naming.remote.gprc.NamingPushRequestHandler
14:38:29:347  INFO 87492 --- [main] com.alibaba.nacos.common.remote.client   : [b2df4d4a-6f86-455a-9345-f8e88e334129] Try to connect to server on start up, server: {serverIp = '192.168.58.128', server main port = 8848}
14:38:31:232  INFO 87492 --- [main] com.alibaba.nacos.common.remote.client   : [b2df4d4a-6f86-455a-9345-f8e88e334129] Success to connect to server [192.168.58.128:8848] on start up, connectionId = 1756388472736_192.168.58.1_53096
14:38:31:234  INFO 87492 --- [main] com.alibaba.nacos.common.remote.client   : [b2df4d4a-6f86-455a-9345-f8e88e334129] Register server push request handler:com.alibaba.nacos.common.remote.client.RpcClient$ConnectResetRequestHandler
14:38:31:235  INFO 87492 --- [main] com.alibaba.nacos.common.remote.client   : [b2df4d4a-6f86-455a-9345-f8e88e334129] Register server push request handler:com.alibaba.nacos.common.remote.client.RpcClient$$Lambda$990/0x0000000840695040
14:38:31:233  INFO 87492 --- [com.alibaba.nacos.client.remote.worker] com.alibaba.nacos.common.remote.client   : [b2df4d4a-6f86-455a-9345-f8e88e334129] Notify connected event to listeners.
14:38:31:309  INFO 87492 --- [main] o.s.b.w.embedded.tomcat.TomcatWebServer  : Tomcat started on port(s): 8082 (http) with context path ''
14:38:31:326  INFO 87492 --- [main] c.a.c.n.registry.NacosServiceRegistry    : nacos registry, DEFAULT_GROUP cart-service 10.2.106.195:8082 register finished
14:38:31:793  INFO 87492 --- [nacos-grpc-client-executor-10] com.alibaba.nacos.common.remote.client   : [b2df4d4a-6f86-455a-9345-f8e88e334129] Receive server push request, request = NotifySubscriberRequest, requestId = 46
14:38:31:795  INFO 87492 --- [nacos-grpc-client-executor-10] com.alibaba.nacos.common.remote.client   : [b2df4d4a-6f86-455a-9345-f8e88e334129] Ack server push request, request = NotifySubscriberRequest, requestId = 46
14:38:31:806  INFO 87492 --- [main] d.s.w.p.DocumentationPluginsBootstrapper : Documentation plugins bootstrapped
14:38:31:809  INFO 87492 --- [main] d.s.w.p.DocumentationPluginsBootstrapper : Found 1 custom documentation plugin(s)
14:38:31:828  INFO 87492 --- [main] s.d.s.w.s.ApiListingReferenceScanner     : Scanning for api listing references
14:38:31:906  INFO 87492 --- [main] com.hmall.cart.CartApplication           : Started CartApplication in 9.024 seconds (JVM running for 10.18)
15:25:35:221  WARN 87492 --- [Thread-7] c.a.n.common.http.HttpClientBeanHolder   : [HttpClientBeanHolder] Start destroying common HttpClient
15:25:35:229  WARN 87492 --- [Thread-7] c.a.n.common.http.HttpClientBeanHolder   : [HttpClientBeanHolder] Destruction of the end
15:25:35:223  WARN 87492 --- [Thread-4] c.a.nacos.common.notify.NotifyCenter     : [NotifyCenter] Start destroying Publisher
15:25:35:230  WARN 87492 --- [Thread-4] c.a.nacos.common.notify.NotifyCenter     : [NotifyCenter] Destruction of the end
15:25:36:083  INFO 87492 --- [SpringApplicationShutdownHook] c.a.c.n.registry.NacosServiceRegistry    : De-registering from Nacos Server now...
15:25:36:094  INFO 87492 --- [SpringApplicationShutdownHook] c.a.c.n.registry.NacosServiceRegistry    : De-registration finished.
15:25:36:434  INFO 87492 --- [SpringApplicationShutdownHook] com.alibaba.nacos.common.remote.client   : Shutdown rpc client, set status to shutdown
15:25:36:435  INFO 87492 --- [SpringApplicationShutdownHook] com.alibaba.nacos.common.remote.client   : Shutdown client event executor java.util.concurrent.ScheduledThreadPoolExecutor@437b02a6[Running, pool size = 2, active threads = 2, queued tasks = 0, completed tasks = 0]
15:25:36:435  INFO 87492 --- [SpringApplicationShutdownHook] com.alibaba.nacos.common.remote.client   : Close current connection 1756388472736_192.168.58.1_53096
15:25:36:443  INFO 87492 --- [nacos-grpc-client-executor-598] c.a.n.c.remote.client.grpc.GrpcClient    : [1756388472736_192.168.58.1_53096]Ignore complete event,isRunning:false,isAbandon=false
15:25:36:448  INFO 87492 --- [SpringApplicationShutdownHook] c.a.n.c.remote.client.grpc.GrpcClient    : Shutdown grpc executor java.util.concurrent.ThreadPoolExecutor@6f407d16[Running, pool size = 6, active threads = 0, queued tasks = 0, completed tasks = 599]
20:27:29:317  INFO 92028 --- [main] com.hmall.cart.CartApplication           : Starting CartApplication using Java 11.0.27 on BryanR16 with PID 92028 (C:\Users\ncwbr\IdeaProjects\hmall\cart-service\target\classes started by ncwbr in C:\Users\ncwbr\IdeaProjects\hmall)
20:27:29:320 DEBUG 92028 --- [main] com.hmall.cart.CartApplication           : Running with Spring Boot v2.7.12, Spring v5.3.27
20:27:29:321  INFO 92028 --- [main] com.hmall.cart.CartApplication           : The following 1 profile is active: "local"
20:27:30:598  INFO 92028 --- [main] o.s.cloud.context.scope.GenericScope     : BeanFactory id=1b478944-9bee-3b6b-a3a8-693aae6e573a
20:27:31:070  INFO 92028 --- [main] o.s.b.w.embedded.tomcat.TomcatWebServer  : Tomcat initialized with port(s): 8082 (http)
20:27:31:078  INFO 92028 --- [main] o.apache.catalina.core.StandardService   : Starting service [Tomcat]
20:27:31:079  INFO 92028 --- [main] org.apache.catalina.core.StandardEngine  : Starting Servlet engine: [Apache Tomcat/9.0.75]
20:27:31:295  INFO 92028 --- [main] o.a.c.c.C.[Tomcat].[localhost].[/]       : Initializing Spring embedded WebApplicationContext
20:27:31:296  INFO 92028 --- [main] w.s.c.ServletWebServerApplicationContext : Root WebApplicationContext: initialization completed in 1911 ms
20:27:31:594  INFO 92028 --- [main] o.s.c.openfeign.FeignClientFactoryBean   : For 'item-service' URL not provided. Will try picking an instance via load-balancing.
20:27:36:729  INFO 92028 --- [main] pertySourcedRequestMappingHandlerMapping : Mapped URL path [/v2/api-docs] onto method [springfox.documentation.swagger2.web.Swagger2ControllerWebMvc#getDocumentation(String, HttpServletRequest)]
20:27:38:110  INFO 92028 --- [main] com.alibaba.nacos.common.remote.client   : [RpcClientFactory] create a new rpc client of cf20e407-a106-40e4-9138-28b2aa4e6116
20:27:38:193  INFO 92028 --- [main] org.reflections.Reflections              : Reflections took 54 ms to scan 1 urls, producing 3 keys and 6 values 
20:27:38:222  INFO 92028 --- [main] org.reflections.Reflections              : Reflections took 13 ms to scan 1 urls, producing 4 keys and 9 values 
20:27:38:235  INFO 92028 --- [main] org.reflections.Reflections              : Reflections took 9 ms to scan 1 urls, producing 3 keys and 10 values 
20:27:38:238  WARN 92028 --- [main] org.reflections.Reflections              : given scan urls are empty. set urls in the configuration
20:27:38:248  INFO 92028 --- [main] org.reflections.Reflections              : Reflections took 8 ms to scan 1 urls, producing 1 keys and 5 values 
20:27:38:264  INFO 92028 --- [main] org.reflections.Reflections              : Reflections took 11 ms to scan 1 urls, producing 1 keys and 7 values 
20:27:38:277  INFO 92028 --- [main] org.reflections.Reflections              : Reflections took 9 ms to scan 1 urls, producing 2 keys and 8 values 
20:27:38:280  WARN 92028 --- [main] org.reflections.Reflections              : given scan urls are empty. set urls in the configuration
20:27:38:281  INFO 92028 --- [main] com.alibaba.nacos.common.remote.client   : [cf20e407-a106-40e4-9138-28b2aa4e6116] RpcClient init label, labels = {module=naming, source=sdk}
20:27:38:283  INFO 92028 --- [main] com.alibaba.nacos.common.remote.client   : [cf20e407-a106-40e4-9138-28b2aa4e6116] RpcClient init, ServerListFactory = com.alibaba.nacos.client.naming.core.ServerListManager
20:27:38:284  INFO 92028 --- [main] com.alibaba.nacos.common.remote.client   : [cf20e407-a106-40e4-9138-28b2aa4e6116] Registry connection listener to current client:com.alibaba.nacos.client.naming.remote.gprc.redo.NamingGrpcRedoService
20:27:38:284  INFO 92028 --- [main] com.alibaba.nacos.common.remote.client   : [cf20e407-a106-40e4-9138-28b2aa4e6116] Register server push request handler:com.alibaba.nacos.client.naming.remote.gprc.NamingPushRequestHandler
20:27:38:286  INFO 92028 --- [main] com.alibaba.nacos.common.remote.client   : [cf20e407-a106-40e4-9138-28b2aa4e6116] Try to connect to server on start up, server: {serverIp = '192.168.58.128', server main port = 8848}
20:27:41:751  INFO 92028 --- [main] com.alibaba.nacos.common.remote.client   : [cf20e407-a106-40e4-9138-28b2aa4e6116] Success to connect to server [192.168.58.128:8848] on start up, connectionId = 1756411169279_192.168.58.1_62002
20:27:41:752  INFO 92028 --- [com.alibaba.nacos.client.remote.worker] com.alibaba.nacos.common.remote.client   : [cf20e407-a106-40e4-9138-28b2aa4e6116] Notify connected event to listeners.
20:27:41:755  INFO 92028 --- [main] com.alibaba.nacos.common.remote.client   : [cf20e407-a106-40e4-9138-28b2aa4e6116] Register server push request handler:com.alibaba.nacos.common.remote.client.RpcClient$ConnectResetRequestHandler
20:27:41:755  INFO 92028 --- [main] com.alibaba.nacos.common.remote.client   : [cf20e407-a106-40e4-9138-28b2aa4e6116] Register server push request handler:com.alibaba.nacos.common.remote.client.RpcClient$$Lambda$991/0x0000000840673040
20:27:41:845  INFO 92028 --- [main] o.s.b.w.embedded.tomcat.TomcatWebServer  : Tomcat started on port(s): 8082 (http) with context path ''
20:27:41:862  INFO 92028 --- [main] c.a.c.n.registry.NacosServiceRegistry    : nacos registry, DEFAULT_GROUP cart-service 10.2.106.195:8082 register finished
20:27:42:306  INFO 92028 --- [nacos-grpc-client-executor-10] com.alibaba.nacos.common.remote.client   : [cf20e407-a106-40e4-9138-28b2aa4e6116] Receive server push request, request = NotifySubscriberRequest, requestId = 52
20:27:42:311  INFO 92028 --- [nacos-grpc-client-executor-10] com.alibaba.nacos.common.remote.client   : [cf20e407-a106-40e4-9138-28b2aa4e6116] Ack server push request, request = NotifySubscriberRequest, requestId = 52
20:27:42:843  INFO 92028 --- [main] d.s.w.p.DocumentationPluginsBootstrapper : Documentation plugins bootstrapped
20:27:42:847  INFO 92028 --- [main] d.s.w.p.DocumentationPluginsBootstrapper : Found 1 custom documentation plugin(s)
20:27:42:879  INFO 92028 --- [main] s.d.s.w.s.ApiListingReferenceScanner     : Scanning for api listing references
20:27:43:000  INFO 92028 --- [main] com.hmall.cart.CartApplication           : Started CartApplication in 15.289 seconds (JVM running for 16.556)
21:28:45:974  WARN 92028 --- [Thread-4] c.a.nacos.common.notify.NotifyCenter     : [NotifyCenter] Start destroying Publisher
21:28:45:974  WARN 92028 --- [Thread-7] c.a.n.common.http.HttpClientBeanHolder   : [HttpClientBeanHolder] Start destroying common HttpClient
21:28:45:977  WARN 92028 --- [Thread-4] c.a.nacos.common.notify.NotifyCenter     : [NotifyCenter] Destruction of the end
21:28:45:978  WARN 92028 --- [Thread-7] c.a.n.common.http.HttpClientBeanHolder   : [HttpClientBeanHolder] Destruction of the end
21:28:46:473  INFO 92028 --- [SpringApplicationShutdownHook] c.a.c.n.registry.NacosServiceRegistry    : De-registering from Nacos Server now...
21:28:46:483  INFO 92028 --- [SpringApplicationShutdownHook] c.a.c.n.registry.NacosServiceRegistry    : De-registration finished.
21:28:46:811  INFO 92028 --- [SpringApplicationShutdownHook] com.alibaba.nacos.common.remote.client   : Shutdown rpc client, set status to shutdown
21:28:46:812  INFO 92028 --- [SpringApplicationShutdownHook] com.alibaba.nacos.common.remote.client   : Shutdown client event executor java.util.concurrent.ScheduledThreadPoolExecutor@66d2dcd8[Running, pool size = 2, active threads = 2, queued tasks = 0, completed tasks = 0]
21:28:46:812  INFO 92028 --- [SpringApplicationShutdownHook] com.alibaba.nacos.common.remote.client   : Close current connection 1756411169279_192.168.58.1_62002
21:28:46:816  INFO 92028 --- [nacos-grpc-client-executor-788] c.a.n.c.remote.client.grpc.GrpcClient    : [1756411169279_192.168.58.1_62002]Ignore complete event,isRunning:false,isAbandon=false
21:28:46:822  INFO 92028 --- [SpringApplicationShutdownHook] c.a.n.c.remote.client.grpc.GrpcClient    : Shutdown grpc executor java.util.concurrent.ThreadPoolExecutor@5f6cbe89[Running, pool size = 6, active threads = 0, queued tasks = 0, completed tasks = 789]
21:29:00:512  INFO 94272 --- [main] com.hmall.cart.CartApplication           : Starting CartApplication using Java 11.0.27 on BryanR16 with PID 94272 (C:\Users\ncwbr\IdeaProjects\hmall\cart-service\target\classes started by ncwbr in C:\Users\ncwbr\IdeaProjects\hmall)
21:29:00:514 DEBUG 94272 --- [main] com.hmall.cart.CartApplication           : Running with Spring Boot v2.7.12, Spring v5.3.27
21:29:00:514  INFO 94272 --- [main] com.hmall.cart.CartApplication           : The following 1 profile is active: "local"
21:29:01:814  INFO 94272 --- [main] o.s.cloud.context.scope.GenericScope     : BeanFactory id=6fa4ad9e-4617-3c60-b6f5-ac3f67059678
21:29:02:132  INFO 94272 --- [main] o.s.b.w.embedded.tomcat.TomcatWebServer  : Tomcat initialized with port(s): 8082 (http)
21:29:02:139  INFO 94272 --- [main] o.apache.catalina.core.StandardService   : Starting service [Tomcat]
21:29:02:140  INFO 94272 --- [main] org.apache.catalina.core.StandardEngine  : Starting Servlet engine: [Apache Tomcat/9.0.75]
21:29:02:319  INFO 94272 --- [main] o.a.c.c.C.[Tomcat].[localhost].[/]       : Initializing Spring embedded WebApplicationContext
21:29:02:321  INFO 94272 --- [main] w.s.c.ServletWebServerApplicationContext : Root WebApplicationContext: initialization completed in 1747 ms
21:29:02:531  INFO 94272 --- [main] o.s.c.openfeign.FeignClientFactoryBean   : For 'item-service' URL not provided. Will try picking an instance via load-balancing.
21:29:06:950  INFO 94272 --- [main] pertySourcedRequestMappingHandlerMapping : Mapped URL path [/v2/api-docs] onto method [springfox.documentation.swagger2.web.Swagger2ControllerWebMvc#getDocumentation(String, HttpServletRequest)]
21:29:08:321  INFO 94272 --- [main] com.alibaba.nacos.common.remote.client   : [RpcClientFactory] create a new rpc client of f639f803-150a-48f5-a9d0-e17c2e0d5dc5
21:29:08:414  INFO 94272 --- [main] org.reflections.Reflections              : Reflections took 57 ms to scan 1 urls, producing 3 keys and 6 values 
21:29:08:460  INFO 94272 --- [main] org.reflections.Reflections              : Reflections took 17 ms to scan 1 urls, producing 4 keys and 9 values 
21:29:08:478  INFO 94272 --- [main] org.reflections.Reflections              : Reflections took 12 ms to scan 1 urls, producing 3 keys and 10 values 
21:29:08:485  WARN 94272 --- [main] org.reflections.Reflections              : given scan urls are empty. set urls in the configuration
21:29:08:500  INFO 94272 --- [main] org.reflections.Reflections              : Reflections took 13 ms to scan 1 urls, producing 1 keys and 5 values 
21:29:08:518  INFO 94272 --- [main] org.reflections.Reflections              : Reflections took 12 ms to scan 1 urls, producing 1 keys and 7 values 
21:29:08:536  INFO 94272 --- [main] org.reflections.Reflections              : Reflections took 11 ms to scan 1 urls, producing 2 keys and 8 values 
21:29:08:542  WARN 94272 --- [main] org.reflections.Reflections              : given scan urls are empty. set urls in the configuration
21:29:08:545  INFO 94272 --- [main] com.alibaba.nacos.common.remote.client   : [f639f803-150a-48f5-a9d0-e17c2e0d5dc5] RpcClient init label, labels = {module=naming, source=sdk}
21:29:08:548  INFO 94272 --- [main] com.alibaba.nacos.common.remote.client   : [f639f803-150a-48f5-a9d0-e17c2e0d5dc5] RpcClient init, ServerListFactory = com.alibaba.nacos.client.naming.core.ServerListManager
21:29:08:549  INFO 94272 --- [main] com.alibaba.nacos.common.remote.client   : [f639f803-150a-48f5-a9d0-e17c2e0d5dc5] Registry connection listener to current client:com.alibaba.nacos.client.naming.remote.gprc.redo.NamingGrpcRedoService
21:29:08:550  INFO 94272 --- [main] com.alibaba.nacos.common.remote.client   : [f639f803-150a-48f5-a9d0-e17c2e0d5dc5] Register server push request handler:com.alibaba.nacos.client.naming.remote.gprc.NamingPushRequestHandler
21:29:08:556  INFO 94272 --- [main] com.alibaba.nacos.common.remote.client   : [f639f803-150a-48f5-a9d0-e17c2e0d5dc5] Try to connect to server on start up, server: {serverIp = '192.168.58.128', server main port = 8848}
21:29:12:354  INFO 94272 --- [main] com.alibaba.nacos.common.remote.client   : [f639f803-150a-48f5-a9d0-e17c2e0d5dc5] Success to connect to server [192.168.58.128:8848] on start up, connectionId = 1756415167476_192.168.58.1_58146
21:29:12:356  INFO 94272 --- [com.alibaba.nacos.client.remote.worker] com.alibaba.nacos.common.remote.client   : [f639f803-150a-48f5-a9d0-e17c2e0d5dc5] Notify connected event to listeners.
21:29:12:357  INFO 94272 --- [main] com.alibaba.nacos.common.remote.client   : [f639f803-150a-48f5-a9d0-e17c2e0d5dc5] Register server push request handler:com.alibaba.nacos.common.remote.client.RpcClient$ConnectResetRequestHandler
21:29:12:359  INFO 94272 --- [main] com.alibaba.nacos.common.remote.client   : [f639f803-150a-48f5-a9d0-e17c2e0d5dc5] Register server push request handler:com.alibaba.nacos.common.remote.client.RpcClient$$Lambda$990/0x0000000840673c40
21:29:12:444  INFO 94272 --- [main] o.s.b.w.embedded.tomcat.TomcatWebServer  : Tomcat started on port(s): 8082 (http) with context path ''
21:29:12:465  INFO 94272 --- [main] c.a.c.n.registry.NacosServiceRegistry    : nacos registry, DEFAULT_GROUP cart-service 10.2.106.195:8082 register finished
21:29:12:887  INFO 94272 --- [nacos-grpc-client-executor-9] com.alibaba.nacos.common.remote.client   : [f639f803-150a-48f5-a9d0-e17c2e0d5dc5] Receive server push request, request = NotifySubscriberRequest, requestId = 61
21:29:12:892  INFO 94272 --- [nacos-grpc-client-executor-9] com.alibaba.nacos.common.remote.client   : [f639f803-150a-48f5-a9d0-e17c2e0d5dc5] Ack server push request, request = NotifySubscriberRequest, requestId = 61
21:29:13:625  INFO 94272 --- [main] d.s.w.p.DocumentationPluginsBootstrapper : Documentation plugins bootstrapped
21:29:13:631  INFO 94272 --- [main] d.s.w.p.DocumentationPluginsBootstrapper : Found 1 custom documentation plugin(s)
21:29:13:673  INFO 94272 --- [main] s.d.s.w.s.ApiListingReferenceScanner     : Scanning for api listing references
21:29:13:838  INFO 94272 --- [main] com.hmall.cart.CartApplication           : Started CartApplication in 14.893 seconds (JVM running for 16.129)
22:00:54:634  WARN 94272 --- [Thread-4] c.a.nacos.common.notify.NotifyCenter     : [NotifyCenter] Start destroying Publisher
22:00:54:634  WARN 94272 --- [Thread-7] c.a.n.common.http.HttpClientBeanHolder   : [HttpClientBeanHolder] Start destroying common HttpClient
22:00:54:638  WARN 94272 --- [Thread-4] c.a.nacos.common.notify.NotifyCenter     : [NotifyCenter] Destruction of the end
22:00:54:640  WARN 94272 --- [Thread-7] c.a.n.common.http.HttpClientBeanHolder   : [HttpClientBeanHolder] Destruction of the end
22:00:55:781  INFO 94272 --- [SpringApplicationShutdownHook] c.a.c.n.registry.NacosServiceRegistry    : De-registering from Nacos Server now...
22:00:55:794  INFO 94272 --- [SpringApplicationShutdownHook] c.a.c.n.registry.NacosServiceRegistry    : De-registration finished.
22:00:56:129  INFO 94272 --- [SpringApplicationShutdownHook] com.alibaba.nacos.common.remote.client   : Shutdown rpc client, set status to shutdown
22:00:56:129  INFO 94272 --- [SpringApplicationShutdownHook] com.alibaba.nacos.common.remote.client   : Shutdown client event executor java.util.concurrent.ScheduledThreadPoolExecutor@385f650b[Running, pool size = 2, active threads = 2, queued tasks = 0, completed tasks = 0]
22:00:56:129  INFO 94272 --- [SpringApplicationShutdownHook] com.alibaba.nacos.common.remote.client   : Close current connection 1756415167476_192.168.58.1_58146
22:00:56:136  INFO 94272 --- [nacos-grpc-client-executor-411] c.a.n.c.remote.client.grpc.GrpcClient    : [1756415167476_192.168.58.1_58146]Ignore complete event,isRunning:false,isAbandon=false
22:00:56:144  INFO 94272 --- [SpringApplicationShutdownHook] c.a.n.c.remote.client.grpc.GrpcClient    : Shutdown grpc executor java.util.concurrent.ThreadPoolExecutor@44a6668d[Running, pool size = 5, active threads = 0, queued tasks = 0, completed tasks = 412]
