12:08:53:265  INFO 43940 --- [main] com.hmall.item.ItemApplication           : The following 1 profile is active: "local"
12:08:54:105  INFO 43940 --- [main] o.s.cloud.context.scope.GenericScope     : BeanFactory id=7da41dba-b39f-33c2-8d64-cdc146526498
12:08:54:374  INFO 43940 --- [main] o.s.b.w.embedded.tomcat.TomcatWebServer  : Tomcat initialized with port(s): 8081 (http)
12:08:54:382  INFO 43940 --- [main] o.apache.catalina.core.StandardService   : Starting service [Tomcat]
12:08:54:382  INFO 43940 --- [main] org.apache.catalina.core.StandardEngine  : Starting Servlet engine: [Apache Tomcat/9.0.75]
12:08:54:513  INFO 43940 --- [main] o.a.c.c.C.[Tomcat].[localhost].[/]       : Initializing Spring embedded WebApplicationContext
12:08:54:514  INFO 43940 --- [main] w.s.c.ServletWebServerApplicationContext : Root WebApplicationContext: initialization completed in 1229 ms
12:08:56:775  INFO 43940 --- [main] pertySourcedRequestMappingHandlerMapping : Mapped URL path [/v2/api-docs] onto method [springfox.documentation.swagger2.web.Swagger2ControllerWebMvc#getDocumentation(String, HttpServletRequest)]
12:08:57:708  INFO 43940 --- [main] com.alibaba.nacos.common.remote.client   : [RpcClientFactory] create a new rpc client of 9053daeb-a86d-4964-9de0-6dd785a164e1
12:08:57:709  INFO 43940 --- [main] com.alibaba.nacos.common.remote.client   : [9053daeb-a86d-4964-9de0-6dd785a164e1] RpcClient init label, labels = {module=naming, source=sdk}
12:08:57:711  INFO 43940 --- [main] com.alibaba.nacos.common.remote.client   : [9053daeb-a86d-4964-9de0-6dd785a164e1] RpcClient init, ServerListFactory = com.alibaba.nacos.client.naming.core.ServerListManager
12:08:57:711  INFO 43940 --- [main] com.alibaba.nacos.common.remote.client   : [9053daeb-a86d-4964-9de0-6dd785a164e1] Registry connection listener to current client:com.alibaba.nacos.client.naming.remote.gprc.redo.NamingGrpcRedoService
12:08:57:711  INFO 43940 --- [main] com.alibaba.nacos.common.remote.client   : [9053daeb-a86d-4964-9de0-6dd785a164e1] Register server push request handler:com.alibaba.nacos.client.naming.remote.gprc.NamingPushRequestHandler
12:08:57:712  INFO 43940 --- [main] com.alibaba.nacos.common.remote.client   : [9053daeb-a86d-4964-9de0-6dd785a164e1] Try to connect to server on start up, server: {serverIp = '192.168.58.128', server main port = 8848}
12:08:57:839  INFO 43940 --- [main] com.alibaba.nacos.common.remote.client   : [9053daeb-a86d-4964-9de0-6dd785a164e1] Success to connect to server [192.168.58.128:8848] on start up, connectionId = 1756516704434_192.168.58.1_55906
12:08:57:840  INFO 43940 --- [main] com.alibaba.nacos.common.remote.client   : [9053daeb-a86d-4964-9de0-6dd785a164e1] Register server push request handler:com.alibaba.nacos.common.remote.client.RpcClient$ConnectResetRequestHandler
12:08:57:840  INFO 43940 --- [main] com.alibaba.nacos.common.remote.client   : [9053daeb-a86d-4964-9de0-6dd785a164e1] Register server push request handler:com.alibaba.nacos.common.remote.client.RpcClient$$Lambda$472/0x000000084044fc40
12:08:57:840  INFO 43940 --- [com.alibaba.nacos.client.remote.worker] com.alibaba.nacos.common.remote.client   : [9053daeb-a86d-4964-9de0-6dd785a164e1] Notify connected event to listeners.
12:08:57:900  INFO 43940 --- [main] o.s.b.w.embedded.tomcat.TomcatWebServer  : Tomcat started on port(s): 8081 (http) with context path ''
12:08:57:914  INFO 43940 --- [main] c.a.c.n.registry.NacosServiceRegistry    : nacos registry, DEFAULT_GROUP item-service 10.2.106.195:8081 register finished
12:08:58:375  INFO 43940 --- [nacos-grpc-client-executor-6] com.alibaba.nacos.common.remote.client   : [9053daeb-a86d-4964-9de0-6dd785a164e1] Receive server push request, request = NotifySubscriberRequest, requestId = 122
12:08:58:379  INFO 43940 --- [nacos-grpc-client-executor-6] com.alibaba.nacos.common.remote.client   : [9053daeb-a86d-4964-9de0-6dd785a164e1] Ack server push request, request = NotifySubscriberRequest, requestId = 122
12:08:58:424  INFO 43940 --- [main] d.s.w.p.DocumentationPluginsBootstrapper : Documentation plugins bootstrapped
12:08:58:426  INFO 43940 --- [main] d.s.w.p.DocumentationPluginsBootstrapper : Found 1 custom documentation plugin(s)
12:08:58:446  INFO 43940 --- [main] s.d.s.w.s.ApiListingReferenceScanner     : Scanning for api listing references
12:08:58:547  INFO 43940 --- [main] com.hmall.item.ItemApplication           : Started ItemApplication in 9.508 seconds (JVM running for 10.412)
12:08:58:553  INFO 43940 --- [main] c.a.c.n.refresh.NacosContextRefresher    : [Nacos Config] Listening config: dataId=item-service.yaml, group=DEFAULT_GROUP
12:08:58:554  INFO 43940 --- [main] c.a.c.n.refresh.NacosContextRefresher    : [Nacos Config] Listening config: dataId=item-service-local.yaml, group=DEFAULT_GROUP
12:08:58:554  INFO 43940 --- [main] c.a.c.n.refresh.NacosContextRefresher    : [Nacos Config] Listening config: dataId=item-service, group=DEFAULT_GROUP
12:09:47:375  WARN 43940 --- [Thread-1] c.a.n.common.http.HttpClientBeanHolder   : [HttpClientBeanHolder] Start destroying common HttpClient
12:09:47:375  WARN 43940 --- [Thread-5] c.a.nacos.common.notify.NotifyCenter     : [NotifyCenter] Start destroying Publisher
12:09:47:375  WARN 43940 --- [Thread-5] c.a.nacos.common.notify.NotifyCenter     : [NotifyCenter] Destruction of the end
12:09:47:376  WARN 43940 --- [Thread-1] c.a.n.common.http.HttpClientBeanHolder   : [HttpClientBeanHolder] Destruction of the end
12:09:48:143  INFO 43940 --- [SpringApplicationShutdownHook] c.a.c.n.registry.NacosServiceRegistry    : De-registering from Nacos Server now...
12:09:48:152  INFO 43940 --- [SpringApplicationShutdownHook] c.a.c.n.registry.NacosServiceRegistry    : De-registration finished.
12:09:48:482  INFO 43940 --- [SpringApplicationShutdownHook] com.alibaba.nacos.common.remote.client   : Shutdown rpc client, set status to shutdown
12:09:48:482  INFO 43940 --- [SpringApplicationShutdownHook] com.alibaba.nacos.common.remote.client   : Shutdown client event executor java.util.concurrent.ScheduledThreadPoolExecutor@8a61f6e[Running, pool size = 2, active threads = 2, queued tasks = 0, completed tasks = 0]
12:09:48:483  INFO 43940 --- [SpringApplicationShutdownHook] com.alibaba.nacos.common.remote.client   : Close current connection 1756516704434_192.168.58.1_55906
12:09:48:485  INFO 43940 --- [nacos-grpc-client-executor-21] c.a.n.c.remote.client.grpc.GrpcClient    : [1756516704434_192.168.58.1_55906]Ignore complete event,isRunning:false,isAbandon=false
12:09:48:488  INFO 43940 --- [SpringApplicationShutdownHook] c.a.n.c.remote.client.grpc.GrpcClient    : Shutdown grpc executor java.util.concurrent.ThreadPoolExecutor@282066f[Running, pool size = 6, active threads = 0, queued tasks = 0, completed tasks = 22]
