10:23:43:106  INFO 90320 --- [main] com.hmall.user.UserApplication           : Starting UserApplication using Java 11.0.27 on BryanR16 with PID 90320 (C:\Users\ncwbr\IdeaProjects\hmall\user-service\target\classes started by ncwbr in C:\Users\ncwbr\IdeaProjects\hmall)
10:23:43:112 DEBUG 90320 --- [main] com.hmall.user.UserApplication           : Running with Spring Boot v2.7.12, Spring v5.3.27
10:23:43:113  INFO 90320 --- [main] com.hmall.user.UserApplication           : The following 1 profile is active: "local"
10:23:44:029  INFO 90320 --- [main] o.s.cloud.context.scope.GenericScope     : BeanFactory id=1f447805-1fc4-3d80-ba0d-effec04c2f95
10:23:44:296  INFO 90320 --- [main] o.s.b.w.embedded.tomcat.TomcatWebServer  : Tomcat initialized with port(s): 8084 (http)
10:23:44:306  INFO 90320 --- [main] o.apache.catalina.core.StandardService   : Starting service [Tomcat]
10:23:44:306  INFO 90320 --- [main] org.apache.catalina.core.StandardEngine  : Starting Servlet engine: [Apache Tomcat/9.0.75]
10:23:44:431  INFO 90320 --- [main] o.a.c.c.C.[Tomcat].[localhost].[/]       : Initializing Spring embedded WebApplicationContext
10:23:44:431  INFO 90320 --- [main] w.s.c.ServletWebServerApplicationContext : Root WebApplicationContext: initialization completed in 1275 ms
10:23:47:373  INFO 90320 --- [main] pertySourcedRequestMappingHandlerMapping : Mapped URL path [/v2/api-docs] onto method [springfox.documentation.swagger2.web.Swagger2ControllerWebMvc#getDocumentation(String, HttpServletRequest)]
10:23:48:079  INFO 90320 --- [main] com.alibaba.nacos.common.remote.client   : [RpcClientFactory] create a new rpc client of 92cd3807-412d-44ae-873c-1f8c8afa93cd
10:23:48:115  INFO 90320 --- [main] org.reflections.Reflections              : Reflections took 18 ms to scan 1 urls, producing 3 keys and 6 values 
10:23:48:136  INFO 90320 --- [main] org.reflections.Reflections              : Reflections took 8 ms to scan 1 urls, producing 4 keys and 9 values 
10:23:48:144  INFO 90320 --- [main] org.reflections.Reflections              : Reflections took 6 ms to scan 1 urls, producing 3 keys and 10 values 
10:23:48:146  WARN 90320 --- [main] org.reflections.Reflections              : given scan urls are empty. set urls in the configuration
10:23:48:153  INFO 90320 --- [main] org.reflections.Reflections              : Reflections took 6 ms to scan 1 urls, producing 1 keys and 5 values 
10:23:48:161  INFO 90320 --- [main] org.reflections.Reflections              : Reflections took 6 ms to scan 1 urls, producing 1 keys and 7 values 
10:23:48:168  INFO 90320 --- [main] org.reflections.Reflections              : Reflections took 5 ms to scan 1 urls, producing 2 keys and 8 values 
10:23:48:170  WARN 90320 --- [main] org.reflections.Reflections              : given scan urls are empty. set urls in the configuration
10:23:48:171  INFO 90320 --- [main] com.alibaba.nacos.common.remote.client   : [92cd3807-412d-44ae-873c-1f8c8afa93cd] RpcClient init label, labels = {module=naming, source=sdk}
10:23:48:173  INFO 90320 --- [main] com.alibaba.nacos.common.remote.client   : [92cd3807-412d-44ae-873c-1f8c8afa93cd] RpcClient init, ServerListFactory = com.alibaba.nacos.client.naming.core.ServerListManager
10:23:48:173  INFO 90320 --- [main] com.alibaba.nacos.common.remote.client   : [92cd3807-412d-44ae-873c-1f8c8afa93cd] Registry connection listener to current client:com.alibaba.nacos.client.naming.remote.gprc.redo.NamingGrpcRedoService
10:23:48:173  INFO 90320 --- [main] com.alibaba.nacos.common.remote.client   : [92cd3807-412d-44ae-873c-1f8c8afa93cd] Register server push request handler:com.alibaba.nacos.client.naming.remote.gprc.NamingPushRequestHandler
10:23:48:174  INFO 90320 --- [main] com.alibaba.nacos.common.remote.client   : [92cd3807-412d-44ae-873c-1f8c8afa93cd] Try to connect to server on start up, server: {serverIp = '192.168.58.128', server main port = 8848}
10:23:50:189  INFO 90320 --- [main] com.alibaba.nacos.common.remote.client   : [92cd3807-412d-44ae-873c-1f8c8afa93cd] Success to connect to server [192.168.58.128:8848] on start up, connectionId = 1756371918133_192.168.58.1_56828
10:23:50:191  INFO 90320 --- [main] com.alibaba.nacos.common.remote.client   : [92cd3807-412d-44ae-873c-1f8c8afa93cd] Register server push request handler:com.alibaba.nacos.common.remote.client.RpcClient$ConnectResetRequestHandler
10:23:50:190  INFO 90320 --- [com.alibaba.nacos.client.remote.worker] com.alibaba.nacos.common.remote.client   : [92cd3807-412d-44ae-873c-1f8c8afa93cd] Notify connected event to listeners.
10:23:50:192  INFO 90320 --- [main] com.alibaba.nacos.common.remote.client   : [92cd3807-412d-44ae-873c-1f8c8afa93cd] Register server push request handler:com.alibaba.nacos.common.remote.client.RpcClient$$Lambda$922/0x000000084071f840
10:23:50:262  INFO 90320 --- [main] o.s.b.w.embedded.tomcat.TomcatWebServer  : Tomcat started on port(s): 8084 (http) with context path ''
10:23:50:278  INFO 90320 --- [main] c.a.c.n.registry.NacosServiceRegistry    : nacos registry, DEFAULT_GROUP user-service 10.2.106.195:8084 register finished
10:23:50:761  INFO 90320 --- [nacos-grpc-client-executor-9] com.alibaba.nacos.common.remote.client   : [92cd3807-412d-44ae-873c-1f8c8afa93cd] Receive server push request, request = NotifySubscriberRequest, requestId = 31
10:23:50:764  INFO 90320 --- [nacos-grpc-client-executor-9] com.alibaba.nacos.common.remote.client   : [92cd3807-412d-44ae-873c-1f8c8afa93cd] Ack server push request, request = NotifySubscriberRequest, requestId = 31
10:23:50:795  INFO 90320 --- [main] d.s.w.p.DocumentationPluginsBootstrapper : Documentation plugins bootstrapped
10:23:50:798  INFO 90320 --- [main] d.s.w.p.DocumentationPluginsBootstrapper : Found 1 custom documentation plugin(s)
10:23:50:826  INFO 90320 --- [main] s.d.s.w.s.ApiListingReferenceScanner     : Scanning for api listing references
10:23:50:925  INFO 90320 --- [main] com.hmall.user.UserApplication           : Started UserApplication in 8.873 seconds (JVM running for 9.824)
10:24:37:231  INFO 90320 --- [http-nio-8084-exec-1] o.a.c.c.C.[Tomcat].[localhost].[/]       : Initializing Spring DispatcherServlet 'dispatcherServlet'
10:24:37:231  INFO 90320 --- [http-nio-8084-exec-1] o.s.web.servlet.DispatcherServlet        : Initializing Servlet 'dispatcherServlet'
10:24:37:234  INFO 90320 --- [http-nio-8084-exec-1] o.s.web.servlet.DispatcherServlet        : Completed initialization in 3 ms
10:24:47:289  INFO 90320 --- [http-nio-8084-exec-5] com.zaxxer.hikari.HikariDataSource       : HikariPool-1 - Starting...
10:24:47:652  INFO 90320 --- [http-nio-8084-exec-5] com.zaxxer.hikari.HikariDataSource       : HikariPool-1 - Start completed.
10:24:47:658 DEBUG 90320 --- [http-nio-8084-exec-5] c.h.user.mapper.UserMapper.selectOne     : ==>  Preparing: SELECT id,username,password,phone,create_time,update_time,status,balance FROM user WHERE (username = ?)
10:24:47:676 DEBUG 90320 --- [http-nio-8084-exec-5] c.h.user.mapper.UserMapper.selectOne     : ==> Parameters: jack(String)
10:24:47:718 DEBUG 90320 --- [http-nio-8084-exec-5] c.h.user.mapper.UserMapper.selectOne     : <==      Total: 1
10:39:28:475  WARN 90320 --- [Thread-4] c.a.nacos.common.notify.NotifyCenter     : [NotifyCenter] Start destroying Publisher
10:39:28:475  WARN 90320 --- [Thread-7] c.a.n.common.http.HttpClientBeanHolder   : [HttpClientBeanHolder] Start destroying common HttpClient
10:39:28:481  WARN 90320 --- [Thread-4] c.a.nacos.common.notify.NotifyCenter     : [NotifyCenter] Destruction of the end
10:39:28:482  WARN 90320 --- [Thread-7] c.a.n.common.http.HttpClientBeanHolder   : [HttpClientBeanHolder] Destruction of the end
10:39:29:263  INFO 90320 --- [SpringApplicationShutdownHook] c.a.c.n.registry.NacosServiceRegistry    : De-registering from Nacos Server now...
10:39:29:294  INFO 90320 --- [SpringApplicationShutdownHook] c.a.c.n.registry.NacosServiceRegistry    : De-registration finished.
10:39:29:626  INFO 90320 --- [SpringApplicationShutdownHook] com.alibaba.nacos.common.remote.client   : Shutdown rpc client, set status to shutdown
10:39:29:626  INFO 90320 --- [SpringApplicationShutdownHook] com.alibaba.nacos.common.remote.client   : Shutdown client event executor java.util.concurrent.ScheduledThreadPoolExecutor@5e2c4ebc[Running, pool size = 2, active threads = 2, queued tasks = 0, completed tasks = 0]
10:39:29:627  INFO 90320 --- [SpringApplicationShutdownHook] com.alibaba.nacos.common.remote.client   : Close current connection 1756371918133_192.168.58.1_56828
10:39:29:636  INFO 90320 --- [SpringApplicationShutdownHook] c.a.n.c.remote.client.grpc.GrpcClient    : Shutdown grpc executor java.util.concurrent.ThreadPoolExecutor@2353f567[Running, pool size = 5, active threads = 0, queued tasks = 0, completed tasks = 228]
10:39:29:644  INFO 90320 --- [SpringApplicationShutdownHook] com.zaxxer.hikari.HikariDataSource       : HikariPool-1 - Shutdown initiated...
10:39:30:234  INFO 90320 --- [SpringApplicationShutdownHook] com.zaxxer.hikari.HikariDataSource       : HikariPool-1 - Shutdown completed.
10:54:54:934  INFO 88196 --- [main] com.hmall.user.UserApplication           : Starting UserApplication using Java 11.0.27 on BryanR16 with PID 88196 (C:\Users\ncwbr\IdeaProjects\hmall\user-service\target\classes started by ncwbr in C:\Users\ncwbr\IdeaProjects\hmall)
10:54:54:938 DEBUG 88196 --- [main] com.hmall.user.UserApplication           : Running with Spring Boot v2.7.12, Spring v5.3.27
10:54:54:939  INFO 88196 --- [main] com.hmall.user.UserApplication           : The following 1 profile is active: "local"
10:54:56:028  INFO 88196 --- [main] o.s.cloud.context.scope.GenericScope     : BeanFactory id=1f447805-1fc4-3d80-ba0d-effec04c2f95
10:54:56:265  INFO 88196 --- [main] o.s.b.w.embedded.tomcat.TomcatWebServer  : Tomcat initialized with port(s): 8084 (http)
10:54:56:272  INFO 88196 --- [main] o.apache.catalina.core.StandardService   : Starting service [Tomcat]
10:54:56:273  INFO 88196 --- [main] org.apache.catalina.core.StandardEngine  : Starting Servlet engine: [Apache Tomcat/9.0.75]
10:54:56:387  INFO 88196 --- [main] o.a.c.c.C.[Tomcat].[localhost].[/]       : Initializing Spring embedded WebApplicationContext
10:54:56:388  INFO 88196 --- [main] w.s.c.ServletWebServerApplicationContext : Root WebApplicationContext: initialization completed in 1399 ms
10:55:01:746  INFO 88196 --- [main] pertySourcedRequestMappingHandlerMapping : Mapped URL path [/v2/api-docs] onto method [springfox.documentation.swagger2.web.Swagger2ControllerWebMvc#getDocumentation(String, HttpServletRequest)]
10:55:02:833  INFO 88196 --- [main] com.alibaba.nacos.common.remote.client   : [RpcClientFactory] create a new rpc client of 1ac55294-e14e-435d-a1b9-3b19775a7dab
10:55:02:876  INFO 88196 --- [main] org.reflections.Reflections              : Reflections took 24 ms to scan 1 urls, producing 3 keys and 6 values 
10:55:02:897  INFO 88196 --- [main] org.reflections.Reflections              : Reflections took 9 ms to scan 1 urls, producing 4 keys and 9 values 
10:55:02:907  INFO 88196 --- [main] org.reflections.Reflections              : Reflections took 6 ms to scan 1 urls, producing 3 keys and 10 values 
10:55:02:910  WARN 88196 --- [main] org.reflections.Reflections              : given scan urls are empty. set urls in the configuration
10:55:02:916  INFO 88196 --- [main] org.reflections.Reflections              : Reflections took 6 ms to scan 1 urls, producing 1 keys and 5 values 
10:55:02:924  INFO 88196 --- [main] org.reflections.Reflections              : Reflections took 6 ms to scan 1 urls, producing 1 keys and 7 values 
10:55:02:932  INFO 88196 --- [main] org.reflections.Reflections              : Reflections took 6 ms to scan 1 urls, producing 2 keys and 8 values 
10:55:02:934  WARN 88196 --- [main] org.reflections.Reflections              : given scan urls are empty. set urls in the configuration
10:55:02:934  INFO 88196 --- [main] com.alibaba.nacos.common.remote.client   : [1ac55294-e14e-435d-a1b9-3b19775a7dab] RpcClient init label, labels = {module=naming, source=sdk}
10:55:02:937  INFO 88196 --- [main] com.alibaba.nacos.common.remote.client   : [1ac55294-e14e-435d-a1b9-3b19775a7dab] RpcClient init, ServerListFactory = com.alibaba.nacos.client.naming.core.ServerListManager
10:55:02:937  INFO 88196 --- [main] com.alibaba.nacos.common.remote.client   : [1ac55294-e14e-435d-a1b9-3b19775a7dab] Registry connection listener to current client:com.alibaba.nacos.client.naming.remote.gprc.redo.NamingGrpcRedoService
10:55:02:937  INFO 88196 --- [main] com.alibaba.nacos.common.remote.client   : [1ac55294-e14e-435d-a1b9-3b19775a7dab] Register server push request handler:com.alibaba.nacos.client.naming.remote.gprc.NamingPushRequestHandler
10:55:02:939  INFO 88196 --- [main] com.alibaba.nacos.common.remote.client   : [1ac55294-e14e-435d-a1b9-3b19775a7dab] Try to connect to server on start up, server: {serverIp = '192.168.58.128', server main port = 8848}
10:55:05:904  INFO 88196 --- [main] com.alibaba.nacos.common.remote.client   : [1ac55294-e14e-435d-a1b9-3b19775a7dab] Success to connect to server [192.168.58.128:8848] on start up, connectionId = 1756373950182_192.168.58.1_52068
10:55:05:907  INFO 88196 --- [com.alibaba.nacos.client.remote.worker] com.alibaba.nacos.common.remote.client   : [1ac55294-e14e-435d-a1b9-3b19775a7dab] Notify connected event to listeners.
10:55:05:909  INFO 88196 --- [main] com.alibaba.nacos.common.remote.client   : [1ac55294-e14e-435d-a1b9-3b19775a7dab] Register server push request handler:com.alibaba.nacos.common.remote.client.RpcClient$ConnectResetRequestHandler
10:55:05:912  INFO 88196 --- [main] com.alibaba.nacos.common.remote.client   : [1ac55294-e14e-435d-a1b9-3b19775a7dab] Register server push request handler:com.alibaba.nacos.common.remote.client.RpcClient$$Lambda$922/0x0000000840686040
10:55:06:018  INFO 88196 --- [main] o.s.b.w.embedded.tomcat.TomcatWebServer  : Tomcat started on port(s): 8084 (http) with context path ''
10:55:06:038  INFO 88196 --- [main] c.a.c.n.registry.NacosServiceRegistry    : nacos registry, DEFAULT_GROUP user-service 10.2.106.195:8084 register finished
10:55:06:518  INFO 88196 --- [nacos-grpc-client-executor-10] com.alibaba.nacos.common.remote.client   : [1ac55294-e14e-435d-a1b9-3b19775a7dab] Receive server push request, request = NotifySubscriberRequest, requestId = 40
10:55:06:521  INFO 88196 --- [nacos-grpc-client-executor-10] com.alibaba.nacos.common.remote.client   : [1ac55294-e14e-435d-a1b9-3b19775a7dab] Ack server push request, request = NotifySubscriberRequest, requestId = 40
10:55:06:842  INFO 88196 --- [main] d.s.w.p.DocumentationPluginsBootstrapper : Documentation plugins bootstrapped
10:55:06:845  INFO 88196 --- [main] d.s.w.p.DocumentationPluginsBootstrapper : Found 1 custom documentation plugin(s)
10:55:06:869  INFO 88196 --- [main] s.d.s.w.s.ApiListingReferenceScanner     : Scanning for api listing references
10:55:06:980  INFO 88196 --- [main] com.hmall.user.UserApplication           : Started UserApplication in 13.53 seconds (JVM running for 14.588)
10:56:31:640  WARN 88196 --- [Thread-7] c.a.n.common.http.HttpClientBeanHolder   : [HttpClientBeanHolder] Start destroying common HttpClient
10:56:31:640  WARN 88196 --- [Thread-4] c.a.nacos.common.notify.NotifyCenter     : [NotifyCenter] Start destroying Publisher
10:56:31:642  WARN 88196 --- [Thread-7] c.a.n.common.http.HttpClientBeanHolder   : [HttpClientBeanHolder] Destruction of the end
10:56:31:647  WARN 88196 --- [Thread-4] c.a.nacos.common.notify.NotifyCenter     : [NotifyCenter] Destruction of the end
10:56:32:677  INFO 88196 --- [SpringApplicationShutdownHook] c.a.c.n.registry.NacosServiceRegistry    : De-registering from Nacos Server now...
10:56:32:693  INFO 88196 --- [SpringApplicationShutdownHook] c.a.c.n.registry.NacosServiceRegistry    : De-registration finished.
10:56:33:029  INFO 88196 --- [SpringApplicationShutdownHook] com.alibaba.nacos.common.remote.client   : Shutdown rpc client, set status to shutdown
10:56:33:029  INFO 88196 --- [SpringApplicationShutdownHook] com.alibaba.nacos.common.remote.client   : Shutdown client event executor java.util.concurrent.ScheduledThreadPoolExecutor@2ef4e50e[Running, pool size = 2, active threads = 2, queued tasks = 0, completed tasks = 0]
10:56:33:029  INFO 88196 --- [SpringApplicationShutdownHook] com.alibaba.nacos.common.remote.client   : Close current connection 1756373950182_192.168.58.1_52068
10:56:33:032  INFO 88196 --- [nacos-grpc-client-executor-35] c.a.n.c.remote.client.grpc.GrpcClient    : [1756373950182_192.168.58.1_52068]Ignore complete event,isRunning:false,isAbandon=false
10:56:33:039  INFO 88196 --- [SpringApplicationShutdownHook] c.a.n.c.remote.client.grpc.GrpcClient    : Shutdown grpc executor java.util.concurrent.ThreadPoolExecutor@2b4d0ecd[Running, pool size = 6, active threads = 0, queued tasks = 0, completed tasks = 36]
14:38:20:942  INFO 85444 --- [main] com.hmall.user.UserApplication           : Starting UserApplication using Java 11.0.27 on BryanR16 with PID 85444 (C:\Users\ncwbr\IdeaProjects\hmall\user-service\target\classes started by ncwbr in C:\Users\ncwbr\IdeaProjects\hmall)
14:38:20:946 DEBUG 85444 --- [main] com.hmall.user.UserApplication           : Running with Spring Boot v2.7.12, Spring v5.3.27
14:38:20:946  INFO 85444 --- [main] com.hmall.user.UserApplication           : The following 1 profile is active: "local"
14:38:21:999  INFO 85444 --- [main] o.s.cloud.context.scope.GenericScope     : BeanFactory id=1f447805-1fc4-3d80-ba0d-effec04c2f95
14:38:22:296  INFO 85444 --- [main] o.s.b.w.embedded.tomcat.TomcatWebServer  : Tomcat initialized with port(s): 8084 (http)
14:38:22:304  INFO 85444 --- [main] o.apache.catalina.core.StandardService   : Starting service [Tomcat]
14:38:22:305  INFO 85444 --- [main] org.apache.catalina.core.StandardEngine  : Starting Servlet engine: [Apache Tomcat/9.0.75]
14:38:22:407  INFO 85444 --- [main] o.a.c.c.C.[Tomcat].[localhost].[/]       : Initializing Spring embedded WebApplicationContext
14:38:22:407  INFO 85444 --- [main] w.s.c.ServletWebServerApplicationContext : Root WebApplicationContext: initialization completed in 1422 ms
14:38:25:984  INFO 85444 --- [main] pertySourcedRequestMappingHandlerMapping : Mapped URL path [/v2/api-docs] onto method [springfox.documentation.swagger2.web.Swagger2ControllerWebMvc#getDocumentation(String, HttpServletRequest)]
14:38:26:638  INFO 85444 --- [main] com.alibaba.nacos.common.remote.client   : [RpcClientFactory] create a new rpc client of 1794004a-766a-43ca-ac22-5b71245f36c3
14:38:26:674  INFO 85444 --- [main] org.reflections.Reflections              : Reflections took 20 ms to scan 1 urls, producing 3 keys and 6 values 
14:38:26:695  INFO 85444 --- [main] org.reflections.Reflections              : Reflections took 8 ms to scan 1 urls, producing 4 keys and 9 values 
14:38:26:718  INFO 85444 --- [main] org.reflections.Reflections              : Reflections took 21 ms to scan 1 urls, producing 3 keys and 10 values 
14:38:26:722  WARN 85444 --- [main] org.reflections.Reflections              : given scan urls are empty. set urls in the configuration
14:38:26:728  INFO 85444 --- [main] org.reflections.Reflections              : Reflections took 6 ms to scan 1 urls, producing 1 keys and 5 values 
14:38:26:735  INFO 85444 --- [main] org.reflections.Reflections              : Reflections took 6 ms to scan 1 urls, producing 1 keys and 7 values 
14:38:26:742  INFO 85444 --- [main] org.reflections.Reflections              : Reflections took 5 ms to scan 1 urls, producing 2 keys and 8 values 
14:38:26:744  WARN 85444 --- [main] org.reflections.Reflections              : given scan urls are empty. set urls in the configuration
14:38:26:744  INFO 85444 --- [main] com.alibaba.nacos.common.remote.client   : [1794004a-766a-43ca-ac22-5b71245f36c3] RpcClient init label, labels = {module=naming, source=sdk}
14:38:26:745  INFO 85444 --- [main] com.alibaba.nacos.common.remote.client   : [1794004a-766a-43ca-ac22-5b71245f36c3] RpcClient init, ServerListFactory = com.alibaba.nacos.client.naming.core.ServerListManager
14:38:26:745  INFO 85444 --- [main] com.alibaba.nacos.common.remote.client   : [1794004a-766a-43ca-ac22-5b71245f36c3] Registry connection listener to current client:com.alibaba.nacos.client.naming.remote.gprc.redo.NamingGrpcRedoService
14:38:26:746  INFO 85444 --- [main] com.alibaba.nacos.common.remote.client   : [1794004a-766a-43ca-ac22-5b71245f36c3] Register server push request handler:com.alibaba.nacos.client.naming.remote.gprc.NamingPushRequestHandler
14:38:26:747  INFO 85444 --- [main] com.alibaba.nacos.common.remote.client   : [1794004a-766a-43ca-ac22-5b71245f36c3] Try to connect to server on start up, server: {serverIp = '192.168.58.128', server main port = 8848}
14:38:28:542  INFO 85444 --- [main] com.alibaba.nacos.common.remote.client   : [1794004a-766a-43ca-ac22-5b71245f36c3] Success to connect to server [192.168.58.128:8848] on start up, connectionId = 1756388469868_192.168.58.1_53028
14:38:28:543  INFO 85444 --- [main] com.alibaba.nacos.common.remote.client   : [1794004a-766a-43ca-ac22-5b71245f36c3] Register server push request handler:com.alibaba.nacos.common.remote.client.RpcClient$ConnectResetRequestHandler
14:38:28:543  INFO 85444 --- [main] com.alibaba.nacos.common.remote.client   : [1794004a-766a-43ca-ac22-5b71245f36c3] Register server push request handler:com.alibaba.nacos.common.remote.client.RpcClient$$Lambda$923/0x0000000840717c40
14:38:28:542  INFO 85444 --- [com.alibaba.nacos.client.remote.worker] com.alibaba.nacos.common.remote.client   : [1794004a-766a-43ca-ac22-5b71245f36c3] Notify connected event to listeners.
14:38:28:608  INFO 85444 --- [main] o.s.b.w.embedded.tomcat.TomcatWebServer  : Tomcat started on port(s): 8084 (http) with context path ''
14:38:28:626  INFO 85444 --- [main] c.a.c.n.registry.NacosServiceRegistry    : nacos registry, DEFAULT_GROUP user-service 10.2.106.195:8084 register finished
14:38:29:095  INFO 85444 --- [nacos-grpc-client-executor-10] com.alibaba.nacos.common.remote.client   : [1794004a-766a-43ca-ac22-5b71245f36c3] Receive server push request, request = NotifySubscriberRequest, requestId = 45
14:38:29:099  INFO 85444 --- [nacos-grpc-client-executor-10] com.alibaba.nacos.common.remote.client   : [1794004a-766a-43ca-ac22-5b71245f36c3] Ack server push request, request = NotifySubscriberRequest, requestId = 45
14:38:29:166  INFO 85444 --- [main] d.s.w.p.DocumentationPluginsBootstrapper : Documentation plugins bootstrapped
14:38:29:169  INFO 85444 --- [main] d.s.w.p.DocumentationPluginsBootstrapper : Found 1 custom documentation plugin(s)
14:38:29:190  INFO 85444 --- [main] s.d.s.w.s.ApiListingReferenceScanner     : Scanning for api listing references
14:38:29:290  INFO 85444 --- [main] com.hmall.user.UserApplication           : Started UserApplication in 9.564 seconds (JVM running for 10.617)
15:25:35:223  WARN 85444 --- [Thread-4] c.a.nacos.common.notify.NotifyCenter     : [NotifyCenter] Start destroying Publisher
15:25:35:228  WARN 85444 --- [Thread-4] c.a.nacos.common.notify.NotifyCenter     : [NotifyCenter] Destruction of the end
15:25:35:221  WARN 85444 --- [Thread-7] c.a.n.common.http.HttpClientBeanHolder   : [HttpClientBeanHolder] Start destroying common HttpClient
15:25:35:231  WARN 85444 --- [Thread-7] c.a.n.common.http.HttpClientBeanHolder   : [HttpClientBeanHolder] Destruction of the end
15:25:36:023  INFO 85444 --- [SpringApplicationShutdownHook] c.a.c.n.registry.NacosServiceRegistry    : De-registering from Nacos Server now...
15:25:36:042  INFO 85444 --- [SpringApplicationShutdownHook] c.a.c.n.registry.NacosServiceRegistry    : De-registration finished.
15:25:36:369  INFO 85444 --- [SpringApplicationShutdownHook] com.alibaba.nacos.common.remote.client   : Shutdown rpc client, set status to shutdown
15:25:36:370  INFO 85444 --- [SpringApplicationShutdownHook] com.alibaba.nacos.common.remote.client   : Shutdown client event executor java.util.concurrent.ScheduledThreadPoolExecutor@48b70430[Running, pool size = 2, active threads = 2, queued tasks = 0, completed tasks = 0]
15:25:36:370  INFO 85444 --- [SpringApplicationShutdownHook] com.alibaba.nacos.common.remote.client   : Close current connection 1756388469868_192.168.58.1_53028
15:25:36:373  INFO 85444 --- [nacos-grpc-client-executor-609] c.a.n.c.remote.client.grpc.GrpcClient    : [1756388469868_192.168.58.1_53028]Ignore complete event,isRunning:false,isAbandon=false
15:25:36:381  INFO 85444 --- [SpringApplicationShutdownHook] c.a.n.c.remote.client.grpc.GrpcClient    : Shutdown grpc executor java.util.concurrent.ThreadPoolExecutor@691a5baa[Running, pool size = 5, active threads = 0, queued tasks = 0, completed tasks = 610]
20:27:34:503  INFO 77908 --- [main] com.hmall.user.UserApplication           : Starting UserApplication using Java 11.0.27 on BryanR16 with PID 77908 (C:\Users\ncwbr\IdeaProjects\hmall\user-service\target\classes started by ncwbr in C:\Users\ncwbr\IdeaProjects\hmall)
20:27:34:508 DEBUG 77908 --- [main] com.hmall.user.UserApplication           : Running with Spring Boot v2.7.12, Spring v5.3.27
20:27:34:509  INFO 77908 --- [main] com.hmall.user.UserApplication           : The following 1 profile is active: "local"
20:27:36:044  INFO 77908 --- [main] o.s.cloud.context.scope.GenericScope     : BeanFactory id=1f447805-1fc4-3d80-ba0d-effec04c2f95
20:27:36:509  INFO 77908 --- [main] o.s.b.w.embedded.tomcat.TomcatWebServer  : Tomcat initialized with port(s): 8084 (http)
20:27:36:518  INFO 77908 --- [main] o.apache.catalina.core.StandardService   : Starting service [Tomcat]
20:27:36:518  INFO 77908 --- [main] org.apache.catalina.core.StandardEngine  : Starting Servlet engine: [Apache Tomcat/9.0.75]
20:27:36:711  INFO 77908 --- [main] o.a.c.c.C.[Tomcat].[localhost].[/]       : Initializing Spring embedded WebApplicationContext
20:27:36:712  INFO 77908 --- [main] w.s.c.ServletWebServerApplicationContext : Root WebApplicationContext: initialization completed in 2112 ms
20:27:41:772  INFO 77908 --- [main] pertySourcedRequestMappingHandlerMapping : Mapped URL path [/v2/api-docs] onto method [springfox.documentation.swagger2.web.Swagger2ControllerWebMvc#getDocumentation(String, HttpServletRequest)]
20:27:43:028  INFO 77908 --- [main] com.alibaba.nacos.common.remote.client   : [RpcClientFactory] create a new rpc client of e3cda52a-7efa-4116-95c5-484571ffa5fe
20:27:43:074  INFO 77908 --- [main] org.reflections.Reflections              : Reflections took 23 ms to scan 1 urls, producing 3 keys and 6 values 
20:27:43:112  INFO 77908 --- [main] org.reflections.Reflections              : Reflections took 9 ms to scan 1 urls, producing 4 keys and 9 values 
20:27:43:121  INFO 77908 --- [main] org.reflections.Reflections              : Reflections took 6 ms to scan 1 urls, producing 3 keys and 10 values 
20:27:43:124  WARN 77908 --- [main] org.reflections.Reflections              : given scan urls are empty. set urls in the configuration
20:27:43:130  INFO 77908 --- [main] org.reflections.Reflections              : Reflections took 5 ms to scan 1 urls, producing 1 keys and 5 values 
20:27:43:139  INFO 77908 --- [main] org.reflections.Reflections              : Reflections took 6 ms to scan 1 urls, producing 1 keys and 7 values 
20:27:43:147  INFO 77908 --- [main] org.reflections.Reflections              : Reflections took 6 ms to scan 1 urls, producing 2 keys and 8 values 
20:27:43:150  WARN 77908 --- [main] org.reflections.Reflections              : given scan urls are empty. set urls in the configuration
20:27:43:152  INFO 77908 --- [main] com.alibaba.nacos.common.remote.client   : [e3cda52a-7efa-4116-95c5-484571ffa5fe] RpcClient init label, labels = {module=naming, source=sdk}
20:27:43:155  INFO 77908 --- [main] com.alibaba.nacos.common.remote.client   : [e3cda52a-7efa-4116-95c5-484571ffa5fe] RpcClient init, ServerListFactory = com.alibaba.nacos.client.naming.core.ServerListManager
20:27:43:155  INFO 77908 --- [main] com.alibaba.nacos.common.remote.client   : [e3cda52a-7efa-4116-95c5-484571ffa5fe] Registry connection listener to current client:com.alibaba.nacos.client.naming.remote.gprc.redo.NamingGrpcRedoService
20:27:43:156  INFO 77908 --- [main] com.alibaba.nacos.common.remote.client   : [e3cda52a-7efa-4116-95c5-484571ffa5fe] Register server push request handler:com.alibaba.nacos.client.naming.remote.gprc.NamingPushRequestHandler
20:27:43:158  INFO 77908 --- [main] com.alibaba.nacos.common.remote.client   : [e3cda52a-7efa-4116-95c5-484571ffa5fe] Try to connect to server on start up, server: {serverIp = '192.168.58.128', server main port = 8848}
20:27:45:919  INFO 77908 --- [main] com.alibaba.nacos.common.remote.client   : [e3cda52a-7efa-4116-95c5-484571ffa5fe] Success to connect to server [192.168.58.128:8848] on start up, connectionId = 1756411173772_192.168.58.1_62073
20:27:45:920  INFO 77908 --- [com.alibaba.nacos.client.remote.worker] com.alibaba.nacos.common.remote.client   : [e3cda52a-7efa-4116-95c5-484571ffa5fe] Notify connected event to listeners.
20:27:45:922  INFO 77908 --- [main] com.alibaba.nacos.common.remote.client   : [e3cda52a-7efa-4116-95c5-484571ffa5fe] Register server push request handler:com.alibaba.nacos.common.remote.client.RpcClient$ConnectResetRequestHandler
20:27:45:924  INFO 77908 --- [main] com.alibaba.nacos.common.remote.client   : [e3cda52a-7efa-4116-95c5-484571ffa5fe] Register server push request handler:com.alibaba.nacos.common.remote.client.RpcClient$$Lambda$922/0x000000084066b840
20:27:46:016  INFO 77908 --- [main] o.s.b.w.embedded.tomcat.TomcatWebServer  : Tomcat started on port(s): 8084 (http) with context path ''
20:27:46:041  INFO 77908 --- [main] c.a.c.n.registry.NacosServiceRegistry    : nacos registry, DEFAULT_GROUP user-service 10.2.106.195:8084 register finished
20:27:46:485  INFO 77908 --- [nacos-grpc-client-executor-7] com.alibaba.nacos.common.remote.client   : [e3cda52a-7efa-4116-95c5-484571ffa5fe] Receive server push request, request = NotifySubscriberRequest, requestId = 53
20:27:46:490  INFO 77908 --- [nacos-grpc-client-executor-7] com.alibaba.nacos.common.remote.client   : [e3cda52a-7efa-4116-95c5-484571ffa5fe] Ack server push request, request = NotifySubscriberRequest, requestId = 53
20:27:46:992  INFO 77908 --- [main] d.s.w.p.DocumentationPluginsBootstrapper : Documentation plugins bootstrapped
20:27:46:995  INFO 77908 --- [main] d.s.w.p.DocumentationPluginsBootstrapper : Found 1 custom documentation plugin(s)
20:27:47:019  INFO 77908 --- [main] s.d.s.w.s.ApiListingReferenceScanner     : Scanning for api listing references
20:27:47:146  INFO 77908 --- [main] com.hmall.user.UserApplication           : Started UserApplication in 14.32 seconds (JVM running for 16.677)
20:27:51:238  WARN 77908 --- [Thread-7] c.a.n.common.http.HttpClientBeanHolder   : [HttpClientBeanHolder] Start destroying common HttpClient
20:27:51:238  WARN 77908 --- [Thread-4] c.a.nacos.common.notify.NotifyCenter     : [NotifyCenter] Start destroying Publisher
20:27:51:239  WARN 77908 --- [Thread-4] c.a.nacos.common.notify.NotifyCenter     : [NotifyCenter] Destruction of the end
20:27:51:240  WARN 77908 --- [Thread-7] c.a.n.common.http.HttpClientBeanHolder   : [HttpClientBeanHolder] Destruction of the end
20:27:51:731  INFO 77908 --- [SpringApplicationShutdownHook] c.a.c.n.registry.NacosServiceRegistry    : De-registering from Nacos Server now...
20:27:51:741  INFO 77908 --- [SpringApplicationShutdownHook] c.a.c.n.registry.NacosServiceRegistry    : De-registration finished.
20:27:52:243  INFO 77908 --- [nacos-grpc-client-executor-13] com.alibaba.nacos.common.remote.client   : [e3cda52a-7efa-4116-95c5-484571ffa5fe] Receive server push request, request = NotifySubscriberRequest, requestId = 56
20:27:52:245  INFO 77908 --- [nacos-grpc-client-executor-13] com.alibaba.nacos.common.remote.client   : [e3cda52a-7efa-4116-95c5-484571ffa5fe] Ack server push request, request = NotifySubscriberRequest, requestId = 56
20:27:52:385  INFO 77908 --- [SpringApplicationShutdownHook] com.alibaba.nacos.common.remote.client   : Shutdown rpc client, set status to shutdown
20:27:52:385  INFO 77908 --- [SpringApplicationShutdownHook] com.alibaba.nacos.common.remote.client   : Shutdown client event executor java.util.concurrent.ScheduledThreadPoolExecutor@68f0f6e6[Running, pool size = 2, active threads = 2, queued tasks = 0, completed tasks = 0]
20:27:52:385  INFO 77908 --- [SpringApplicationShutdownHook] com.alibaba.nacos.common.remote.client   : Close current connection 1756411173772_192.168.58.1_62073
20:27:52:390  INFO 77908 --- [nacos-grpc-client-executor-14] c.a.n.c.remote.client.grpc.GrpcClient    : [1756411173772_192.168.58.1_62073]Ignore complete event,isRunning:false,isAbandon=false
20:27:52:392  INFO 77908 --- [SpringApplicationShutdownHook] c.a.n.c.remote.client.grpc.GrpcClient    : Shutdown grpc executor java.util.concurrent.ThreadPoolExecutor@75fd64da[Running, pool size = 15, active threads = 0, queued tasks = 0, completed tasks = 15]
20:27:56:413  INFO 96680 --- [main] com.hmall.user.UserApplication           : Starting UserApplication using Java 11.0.27 on BryanR16 with PID 96680 (C:\Users\ncwbr\IdeaProjects\hmall\user-service\target\classes started by ncwbr in C:\Users\ncwbr\IdeaProjects\hmall)
20:27:56:415 DEBUG 96680 --- [main] com.hmall.user.UserApplication           : Running with Spring Boot v2.7.12, Spring v5.3.27
20:27:56:416  INFO 96680 --- [main] com.hmall.user.UserApplication           : The following 1 profile is active: "local"
20:27:57:432  INFO 96680 --- [main] o.s.cloud.context.scope.GenericScope     : BeanFactory id=1f447805-1fc4-3d80-ba0d-effec04c2f95
20:27:57:700  INFO 96680 --- [main] o.s.b.w.embedded.tomcat.TomcatWebServer  : Tomcat initialized with port(s): 8084 (http)
20:27:57:710  INFO 96680 --- [main] o.apache.catalina.core.StandardService   : Starting service [Tomcat]
20:27:57:710  INFO 96680 --- [main] org.apache.catalina.core.StandardEngine  : Starting Servlet engine: [Apache Tomcat/9.0.75]
20:27:57:825  INFO 96680 --- [main] o.a.c.c.C.[Tomcat].[localhost].[/]       : Initializing Spring embedded WebApplicationContext
20:27:57:825  INFO 96680 --- [main] w.s.c.ServletWebServerApplicationContext : Root WebApplicationContext: initialization completed in 1368 ms
20:28:01:084  INFO 96680 --- [main] pertySourcedRequestMappingHandlerMapping : Mapped URL path [/v2/api-docs] onto method [springfox.documentation.swagger2.web.Swagger2ControllerWebMvc#getDocumentation(String, HttpServletRequest)]
20:28:01:953  INFO 96680 --- [main] com.alibaba.nacos.common.remote.client   : [RpcClientFactory] create a new rpc client of 20d7c104-dec9-42b1-a6c9-7cfaa9172ce5
20:28:01:990  INFO 96680 --- [main] org.reflections.Reflections              : Reflections took 20 ms to scan 1 urls, producing 3 keys and 6 values 
20:28:02:016  INFO 96680 --- [main] org.reflections.Reflections              : Reflections took 12 ms to scan 1 urls, producing 4 keys and 9 values 
20:28:02:029  INFO 96680 --- [main] org.reflections.Reflections              : Reflections took 9 ms to scan 1 urls, producing 3 keys and 10 values 
20:28:02:034  WARN 96680 --- [main] org.reflections.Reflections              : given scan urls are empty. set urls in the configuration
20:28:02:041  INFO 96680 --- [main] org.reflections.Reflections              : Reflections took 7 ms to scan 1 urls, producing 1 keys and 5 values 
20:28:02:052  INFO 96680 --- [main] org.reflections.Reflections              : Reflections took 8 ms to scan 1 urls, producing 1 keys and 7 values 
20:28:02:062  INFO 96680 --- [main] org.reflections.Reflections              : Reflections took 8 ms to scan 1 urls, producing 2 keys and 8 values 
20:28:02:064  WARN 96680 --- [main] org.reflections.Reflections              : given scan urls are empty. set urls in the configuration
20:28:02:064  INFO 96680 --- [main] com.alibaba.nacos.common.remote.client   : [20d7c104-dec9-42b1-a6c9-7cfaa9172ce5] RpcClient init label, labels = {module=naming, source=sdk}
20:28:02:067  INFO 96680 --- [main] com.alibaba.nacos.common.remote.client   : [20d7c104-dec9-42b1-a6c9-7cfaa9172ce5] RpcClient init, ServerListFactory = com.alibaba.nacos.client.naming.core.ServerListManager
20:28:02:067  INFO 96680 --- [main] com.alibaba.nacos.common.remote.client   : [20d7c104-dec9-42b1-a6c9-7cfaa9172ce5] Registry connection listener to current client:com.alibaba.nacos.client.naming.remote.gprc.redo.NamingGrpcRedoService
20:28:02:068  INFO 96680 --- [main] com.alibaba.nacos.common.remote.client   : [20d7c104-dec9-42b1-a6c9-7cfaa9172ce5] Register server push request handler:com.alibaba.nacos.client.naming.remote.gprc.NamingPushRequestHandler
20:28:02:069  INFO 96680 --- [main] com.alibaba.nacos.common.remote.client   : [20d7c104-dec9-42b1-a6c9-7cfaa9172ce5] Try to connect to server on start up, server: {serverIp = '192.168.58.128', server main port = 8848}
20:28:04:337  INFO 96680 --- [main] com.alibaba.nacos.common.remote.client   : [20d7c104-dec9-42b1-a6c9-7cfaa9172ce5] Success to connect to server [192.168.58.128:8848] on start up, connectionId = 1756411193699_192.168.58.1_57289
20:28:04:340  INFO 96680 --- [com.alibaba.nacos.client.remote.worker] com.alibaba.nacos.common.remote.client   : [20d7c104-dec9-42b1-a6c9-7cfaa9172ce5] Notify connected event to listeners.
20:28:04:341  INFO 96680 --- [main] com.alibaba.nacos.common.remote.client   : [20d7c104-dec9-42b1-a6c9-7cfaa9172ce5] Register server push request handler:com.alibaba.nacos.common.remote.client.RpcClient$ConnectResetRequestHandler
20:28:04:366  INFO 96680 --- [main] com.alibaba.nacos.common.remote.client   : [20d7c104-dec9-42b1-a6c9-7cfaa9172ce5] Register server push request handler:com.alibaba.nacos.common.remote.client.RpcClient$$Lambda$922/0x00000008406efc40
20:28:04:569  INFO 96680 --- [main] o.s.b.w.embedded.tomcat.TomcatWebServer  : Tomcat started on port(s): 8084 (http) with context path ''
20:28:04:589  INFO 96680 --- [main] c.a.c.n.registry.NacosServiceRegistry    : nacos registry, DEFAULT_GROUP user-service 10.2.106.195:8084 register finished
20:28:04:951  INFO 96680 --- [nacos-grpc-client-executor-9] com.alibaba.nacos.common.remote.client   : [20d7c104-dec9-42b1-a6c9-7cfaa9172ce5] Receive server push request, request = NotifySubscriberRequest, requestId = 57
20:28:04:953  INFO 96680 --- [nacos-grpc-client-executor-9] com.alibaba.nacos.common.remote.client   : [20d7c104-dec9-42b1-a6c9-7cfaa9172ce5] Ack server push request, request = NotifySubscriberRequest, requestId = 57
20:28:05:315  INFO 96680 --- [main] d.s.w.p.DocumentationPluginsBootstrapper : Documentation plugins bootstrapped
20:28:05:320  INFO 96680 --- [main] d.s.w.p.DocumentationPluginsBootstrapper : Found 1 custom documentation plugin(s)
20:28:05:353  INFO 96680 --- [main] s.d.s.w.s.ApiListingReferenceScanner     : Scanning for api listing references
20:28:05:479  INFO 96680 --- [main] com.hmall.user.UserApplication           : Started UserApplication in 10.439 seconds (JVM running for 11.601)
21:28:54:781  WARN 96680 --- [Thread-4] c.a.nacos.common.notify.NotifyCenter     : [NotifyCenter] Start destroying Publisher
21:28:54:781  WARN 96680 --- [Thread-7] c.a.n.common.http.HttpClientBeanHolder   : [HttpClientBeanHolder] Start destroying common HttpClient
21:28:54:785  WARN 96680 --- [Thread-4] c.a.nacos.common.notify.NotifyCenter     : [NotifyCenter] Destruction of the end
21:28:54:786  WARN 96680 --- [Thread-7] c.a.n.common.http.HttpClientBeanHolder   : [HttpClientBeanHolder] Destruction of the end
21:28:55:413  INFO 96680 --- [SpringApplicationShutdownHook] c.a.c.n.registry.NacosServiceRegistry    : De-registering from Nacos Server now...
21:28:55:421  INFO 96680 --- [SpringApplicationShutdownHook] c.a.c.n.registry.NacosServiceRegistry    : De-registration finished.
21:28:55:759  INFO 96680 --- [SpringApplicationShutdownHook] com.alibaba.nacos.common.remote.client   : Shutdown rpc client, set status to shutdown
21:28:55:760  INFO 96680 --- [SpringApplicationShutdownHook] com.alibaba.nacos.common.remote.client   : Shutdown client event executor java.util.concurrent.ScheduledThreadPoolExecutor@7892aaaf[Running, pool size = 2, active threads = 2, queued tasks = 0, completed tasks = 0]
21:28:55:760  INFO 96680 --- [SpringApplicationShutdownHook] com.alibaba.nacos.common.remote.client   : Close current connection 1756411193699_192.168.58.1_57289
21:28:55:765  INFO 96680 --- [nacos-grpc-client-executor-784] c.a.n.c.remote.client.grpc.GrpcClient    : [1756411193699_192.168.58.1_57289]Ignore complete event,isRunning:false,isAbandon=false
21:28:55:771  INFO 96680 --- [SpringApplicationShutdownHook] c.a.n.c.remote.client.grpc.GrpcClient    : Shutdown grpc executor java.util.concurrent.ThreadPoolExecutor@7d63a8dd[Running, pool size = 5, active threads = 0, queued tasks = 0, completed tasks = 785]
21:29:08:510  INFO 41724 --- [main] com.hmall.user.UserApplication           : Starting UserApplication using Java 11.0.27 on BryanR16 with PID 41724 (C:\Users\ncwbr\IdeaProjects\hmall\user-service\target\classes started by ncwbr in C:\Users\ncwbr\IdeaProjects\hmall)
21:29:08:517 DEBUG 41724 --- [main] com.hmall.user.UserApplication           : Running with Spring Boot v2.7.12, Spring v5.3.27
21:29:08:518  INFO 41724 --- [main] com.hmall.user.UserApplication           : The following 1 profile is active: "local"
21:29:10:030  INFO 41724 --- [main] o.s.cloud.context.scope.GenericScope     : BeanFactory id=8cc8a90a-4ba4-33c7-8be4-64f3652d0c2b
21:29:10:368  INFO 41724 --- [main] o.s.b.w.embedded.tomcat.TomcatWebServer  : Tomcat initialized with port(s): 8084 (http)
21:29:10:380  INFO 41724 --- [main] o.apache.catalina.core.StandardService   : Starting service [Tomcat]
21:29:10:380  INFO 41724 --- [main] org.apache.catalina.core.StandardEngine  : Starting Servlet engine: [Apache Tomcat/9.0.75]
21:29:10:520  INFO 41724 --- [main] o.a.c.c.C.[Tomcat].[localhost].[/]       : Initializing Spring embedded WebApplicationContext
21:29:10:520  INFO 41724 --- [main] w.s.c.ServletWebServerApplicationContext : Root WebApplicationContext: initialization completed in 1926 ms
21:29:16:483  INFO 41724 --- [main] pertySourcedRequestMappingHandlerMapping : Mapped URL path [/v2/api-docs] onto method [springfox.documentation.swagger2.web.Swagger2ControllerWebMvc#getDocumentation(String, HttpServletRequest)]
21:29:17:848  INFO 41724 --- [main] com.alibaba.nacos.common.remote.client   : [RpcClientFactory] create a new rpc client of 3d039f23-eef4-4e56-bc56-22ef5a6d2421
21:29:17:907  INFO 41724 --- [main] org.reflections.Reflections              : Reflections took 32 ms to scan 1 urls, producing 3 keys and 6 values 
21:29:17:938  INFO 41724 --- [main] org.reflections.Reflections              : Reflections took 10 ms to scan 1 urls, producing 4 keys and 9 values 
21:29:17:958  INFO 41724 --- [main] org.reflections.Reflections              : Reflections took 13 ms to scan 1 urls, producing 3 keys and 10 values 
21:29:17:964  WARN 41724 --- [main] org.reflections.Reflections              : given scan urls are empty. set urls in the configuration
21:29:17:977  INFO 41724 --- [main] org.reflections.Reflections              : Reflections took 12 ms to scan 1 urls, producing 1 keys and 5 values 
21:29:17:991  INFO 41724 --- [main] org.reflections.Reflections              : Reflections took 11 ms to scan 1 urls, producing 1 keys and 7 values 
21:29:18:006  INFO 41724 --- [main] org.reflections.Reflections              : Reflections took 11 ms to scan 1 urls, producing 2 keys and 8 values 
21:29:18:010  WARN 41724 --- [main] org.reflections.Reflections              : given scan urls are empty. set urls in the configuration
21:29:18:011  INFO 41724 --- [main] com.alibaba.nacos.common.remote.client   : [3d039f23-eef4-4e56-bc56-22ef5a6d2421] RpcClient init label, labels = {module=naming, source=sdk}
21:29:18:014  INFO 41724 --- [main] com.alibaba.nacos.common.remote.client   : [3d039f23-eef4-4e56-bc56-22ef5a6d2421] RpcClient init, ServerListFactory = com.alibaba.nacos.client.naming.core.ServerListManager
21:29:18:014  INFO 41724 --- [main] com.alibaba.nacos.common.remote.client   : [3d039f23-eef4-4e56-bc56-22ef5a6d2421] Registry connection listener to current client:com.alibaba.nacos.client.naming.remote.gprc.redo.NamingGrpcRedoService
21:29:18:015  INFO 41724 --- [main] com.alibaba.nacos.common.remote.client   : [3d039f23-eef4-4e56-bc56-22ef5a6d2421] Register server push request handler:com.alibaba.nacos.client.naming.remote.gprc.NamingPushRequestHandler
21:29:18:018  INFO 41724 --- [main] com.alibaba.nacos.common.remote.client   : [3d039f23-eef4-4e56-bc56-22ef5a6d2421] Try to connect to server on start up, server: {serverIp = '192.168.58.128', server main port = 8848}
21:29:20:883  INFO 41724 --- [main] com.alibaba.nacos.common.remote.client   : [3d039f23-eef4-4e56-bc56-22ef5a6d2421] Success to connect to server [192.168.58.128:8848] on start up, connectionId = 1756415176674_192.168.58.1_58292
21:29:20:884  INFO 41724 --- [com.alibaba.nacos.client.remote.worker] com.alibaba.nacos.common.remote.client   : [3d039f23-eef4-4e56-bc56-22ef5a6d2421] Notify connected event to listeners.
21:29:20:885  INFO 41724 --- [main] com.alibaba.nacos.common.remote.client   : [3d039f23-eef4-4e56-bc56-22ef5a6d2421] Register server push request handler:com.alibaba.nacos.common.remote.client.RpcClient$ConnectResetRequestHandler
21:29:20:887  INFO 41724 --- [main] com.alibaba.nacos.common.remote.client   : [3d039f23-eef4-4e56-bc56-22ef5a6d2421] Register server push request handler:com.alibaba.nacos.common.remote.client.RpcClient$$Lambda$923/0x0000000840685840
21:29:20:944  INFO 41724 --- [main] o.s.b.w.embedded.tomcat.TomcatWebServer  : Tomcat started on port(s): 8084 (http) with context path ''
21:29:20:961  INFO 41724 --- [main] c.a.c.n.registry.NacosServiceRegistry    : nacos registry, DEFAULT_GROUP user-service 10.2.106.195:8084 register finished
21:29:21:446  INFO 41724 --- [nacos-grpc-client-executor-8] com.alibaba.nacos.common.remote.client   : [3d039f23-eef4-4e56-bc56-22ef5a6d2421] Receive server push request, request = NotifySubscriberRequest, requestId = 63
21:29:21:450  INFO 41724 --- [nacos-grpc-client-executor-8] com.alibaba.nacos.common.remote.client   : [3d039f23-eef4-4e56-bc56-22ef5a6d2421] Ack server push request, request = NotifySubscriberRequest, requestId = 63
21:29:21:892  INFO 41724 --- [main] d.s.w.p.DocumentationPluginsBootstrapper : Documentation plugins bootstrapped
21:29:21:896  INFO 41724 --- [main] d.s.w.p.DocumentationPluginsBootstrapper : Found 1 custom documentation plugin(s)
21:29:21:924  INFO 41724 --- [main] s.d.s.w.s.ApiListingReferenceScanner     : Scanning for api listing references
21:29:22:038  INFO 41724 --- [main] com.hmall.user.UserApplication           : Started UserApplication in 15.284 seconds (JVM running for 16.756)
22:00:54:629  WARN 41724 --- [Thread-4] c.a.nacos.common.notify.NotifyCenter     : [NotifyCenter] Start destroying Publisher
22:00:54:629  WARN 41724 --- [Thread-7] c.a.n.common.http.HttpClientBeanHolder   : [HttpClientBeanHolder] Start destroying common HttpClient
22:00:54:632  WARN 41724 --- [Thread-4] c.a.nacos.common.notify.NotifyCenter     : [NotifyCenter] Destruction of the end
22:00:54:634  WARN 41724 --- [Thread-7] c.a.n.common.http.HttpClientBeanHolder   : [HttpClientBeanHolder] Destruction of the end
22:00:55:717  INFO 41724 --- [SpringApplicationShutdownHook] c.a.c.n.registry.NacosServiceRegistry    : De-registering from Nacos Server now...
22:00:55:733  INFO 41724 --- [SpringApplicationShutdownHook] c.a.c.n.registry.NacosServiceRegistry    : De-registration finished.
22:00:56:066  INFO 41724 --- [SpringApplicationShutdownHook] com.alibaba.nacos.common.remote.client   : Shutdown rpc client, set status to shutdown
22:00:56:067  INFO 41724 --- [SpringApplicationShutdownHook] com.alibaba.nacos.common.remote.client   : Shutdown client event executor java.util.concurrent.ScheduledThreadPoolExecutor@18cb7a20[Running, pool size = 2, active threads = 2, queued tasks = 0, completed tasks = 0]
22:00:56:067  INFO 41724 --- [SpringApplicationShutdownHook] com.alibaba.nacos.common.remote.client   : Close current connection 1756415176674_192.168.58.1_58292
22:00:56:071  INFO 41724 --- [nacos-grpc-client-executor-412] c.a.n.c.remote.client.grpc.GrpcClient    : [1756415176674_192.168.58.1_58292]Ignore complete event,isRunning:false,isAbandon=false
22:00:56:081  INFO 41724 --- [SpringApplicationShutdownHook] c.a.n.c.remote.client.grpc.GrpcClient    : Shutdown grpc executor java.util.concurrent.ThreadPoolExecutor@49fcf5cf[Running, pool size = 5, active threads = 0, queued tasks = 0, completed tasks = 413]
